000.000 =============================================================
000.000                     Station A                               
000.000 -------------------------------------------------------------
000.000 Protocol.lib, version 4.0, jiangyanjun0718@bupt.edu.cn
000.000 Channel: 8000 bps, 270 ms propagation delay, bit error rate 1.0E-05
000.000 Log file "datalink-A.log", TCP port 59144, debug mask 0x03
000.000 Station A is waiting for station B on TCP port 59144 ... Done.
000.425 New epoch: Sat Apr 27 14:39:54 2019
000.427 =================================================================
000.428 
000.429 Designed by Jiang Yanjun, build:Apr 27 2019 14:39:48
000.430 current frame_expected:0 next_frame_to_send: 0
000.430 Send DATA 0 15, ID 10000
000.432 Send NAK  15
000.432 current frame_expected:0 next_frame_to_send: 1
000.688 current frame_expected:0 next_frame_to_send: 1
000.689 Send DATA 1 15, ID 10001
000.690 Send NAK  15
000.691 current frame_expected:0 next_frame_to_send: 2
000.962 current frame_expected:0 next_frame_to_send: 2
000.962 Send DATA 2 15, ID 10002
000.963 Send NAK  15
000.964 current frame_expected:0 next_frame_to_send: 3
001.219 current frame_expected:0 next_frame_to_send: 3
001.220 Send DATA 3 15, ID 10003
001.221 Send NAK  15
001.221 current frame_expected:0 next_frame_to_send: 4
001.285 response NAK to 1Send DATA 1 15, ID 10001
001.285 Send NAK  15
001.286 current frame_expected:0 next_frame_to_send: 4
001.589 Recv DATA 0 0, ID 20000
001.590 !!!To network layer successfully ID 20000
001.591 current frame_expected:1 next_frame_to_send: 4
001.623 Recv DATA 65 0, ID 15836
001.624 Send NAK  0
001.625 current frame_expected:1 next_frame_to_send: 4
001.783 current frame_expected:1 next_frame_to_send: 4
001.784 Send DATA 4 0, ID 10004
001.785 Send NAK  0
001.785 current frame_expected:1 next_frame_to_send: 5
001.833 **** Receive Error, Bad CRC Checksum ID 20001****
001.833 current frame_expected:1 next_frame_to_send: 5
001.865 Recv DATA 65 0, ID 15836
001.865 current frame_expected:1 next_frame_to_send: 5
002.041 current frame_expected:1 next_frame_to_send: 5
002.042 Send DATA 5 0, ID 10005
002.043 Send NAK  0
002.044 current frame_expected:1 next_frame_to_send: 6
002.108 Recv DATA 2 0, ID 20002
002.109 current frame_expected:1 next_frame_to_send: 6
002.111 Recv DATA 65 0, ID 15836
002.115 current frame_expected:1 next_frame_to_send: 6
002.323 current frame_expected:1 next_frame_to_send: 6
002.324 Send DATA 6 0, ID 10006
002.327 Send NAK  0
002.328 current frame_expected:1 next_frame_to_send: 7
002.376 Recv DATA 3 0, ID 20003
002.377 current frame_expected:1 next_frame_to_send: 7
002.393 Recv DATA 65 0, ID 15836
002.395 current frame_expected:1 next_frame_to_send: 7
002.591 current frame_expected:1 next_frame_to_send: 7
002.592 Send DATA 7 0, ID 10007
002.594 Send NAK  0
002.594 current frame_expected:1 next_frame_to_send: 8
002.659 Recv DATA 1 0, ID 20003
002.660 current frame_expected:1 next_frame_to_send: 8
002.676 Recv DATA 65 0, ID 15836
002.678 current frame_expected:1 next_frame_to_send: 8
002.855 current frame_expected:1 next_frame_to_send: 8
002.856 Send DATA 8 0, ID 10008
002.857 Send NAK  0
002.857 current frame_expected:1 next_frame_to_send: 9
002.921 Recv DATA 4 0, ID 20004
002.922 current frame_expected:1 next_frame_to_send: 9
002.954 Recv DATA 65 0, ID 15836
002.955 current frame_expected:1 next_frame_to_send: 9
003.131 current frame_expected:1 next_frame_to_send: 9
003.131 Send DATA 9 0, ID 10009
003.132 Send NAK  0
003.133 current frame_expected:1 next_frame_to_send: 10
003.211 Recv DATA 5 0, ID 20005
003.212 current frame_expected:1 next_frame_to_send: 10
003.228 Recv DATA 65 0, ID 15836
003.229 current frame_expected:1 next_frame_to_send: 10
003.405 current frame_expected:1 next_frame_to_send: 10
003.406 Send DATA 10 0, ID 10010
003.406 Send NAK  0
003.407 current frame_expected:1 next_frame_to_send: 11
003.471 Recv DATA 6 0, ID 20006
003.473 current frame_expected:1 next_frame_to_send: 11
003.475 Recv DATA 65 0, ID 15836
003.478 current frame_expected:1 next_frame_to_send: 11
003.516 ---- DATA 2 timeout
003.516 Send DATA 1 0, ID 10001
003.517 Send NAK  0
003.518 Send DATA 2 0, ID 10003
003.518 Send NAK  0
003.519 Send DATA 3 0, ID 10003
003.520 Send NAK  0
003.520 Send DATA 4 0, ID 10005
003.521 Send NAK  0
003.521 Send DATA 5 0, ID 10005
003.521 Send NAK  0
003.522 Send DATA 6 0, ID 10007
003.522 Send NAK  0
003.522 Send DATA 7 0, ID 10007
003.523 Send NAK  0
003.524 Send DATA 8 0, ID 10009
003.524 Send NAK  0
003.524 Send DATA 9 0, ID 10009
003.527 Send NAK  0
003.527 Send DATA 10 0, ID 10010
003.527 Send NAK  0
003.528 current frame_expected:1 next_frame_to_send: 11
