000.000 =============================================================
000.000                     Station B                               
000.000 -------------------------------------------------------------
000.000 Protocol.lib, version 4.0, jiangyanjun0718@bupt.edu.cn
000.000 Channel: 8000 bps, 270 ms propagation delay, bit error rate 1.0E-05
000.000 Log file "datalink-B.log", TCP port 59144, debug mask 0x03
000.000 Station B is connecting station A (TCP port 59144) ... Done.
000.852 New epoch: Mon Apr 29 22:51:48 2019
000.860 =================================================================
000.866 
000.870 Designed by Secone, build: Apr 29 2019  22:33:48
000.870 current DATA_TIMER, ACK_TIMER, WINDOW_NUMBER = 3100, 1150, 32Send DATA 0 31, ID 20000
001.283 Send DATA 1 31, ID 20001
001.428 Recv DATA 0 31, ID 10000. Expect: 0
001.540 Send DATA 2 0, ID 20002
001.684 Recv DATA 1 31, ID 10001. Expect: 1
001.797 Send DATA 3 1, ID 20003
001.956 Recv DATA 2 31, ID 10002. Expect: 2
002.066 Send DATA 4 2, ID 20004
002.210 Recv DATA 3 0, ID 10003. Expect: 3
002.211 AC   ACK 0
002.227 Recv NAK  1
002.228 Send DATA 1 3, ID 20001
002.485 Recv DATA 4 0, ID 10004. Expect: 4
002.595 Send DATA 5 4, ID 20005
002.754 Recv DATA 5 0, ID 10005. Expect: 5
002.866 Send DATA 6 5, ID 20006
003.028 Recv DATA 6 0, ID 10006. Expect: 6
003.124 Send DATA 7 6, ID 20007
003.283 Recv DATA 7 0, ID 10007. Expect: 7
003.285 .... 8 packets received, 7699 bps, 96.24%, Err 0 (0.0e+00)
003.288 [to log] 0.9624
003.383 Send DATA 8 7, ID 20008
003.528 Recv DATA 8 4, ID 10008. Expect: 8
003.529 AC   ACK 1
003.530 AC   ACK 2
003.530 AC   ACK 3
003.531 AC   ACK 4
003.657 Send DATA 9 8, ID 20009
003.803 Recv DATA 9 5, ID 10009. Expect: 9
003.805 AC   ACK 5
003.918 Send DATA 10 9, ID 20010
004.079 Recv DATA 10 6, ID 10010. Expect: 10
004.080 AC   ACK 6
004.174 Send DATA 11 10, ID 20011
004.334 Recv DATA 11 7, ID 10011. Expect: 11
004.336 AC   ACK 7
004.448 Send DATA 12 11, ID 20012
004.606 Recv DATA 12 8, ID 10012. Expect: 12
004.608 AC   ACK 8
004.705 Send DATA 13 12, ID 20013
004.866 Recv DATA 13 9, ID 10013. Expect: 13
004.868 AC   ACK 9
004.965 Send DATA 14 13, ID 20014
005.142 Recv DATA 14 10, ID 10014. Expect: 14
005.144 AC   ACK 10
005.243 Send DATA 15 14, ID 20015
005.390 Recv DATA 15 11, ID 10015. Expect: 15
005.392 .... 16 packets received, 7737 bps, 96.72%, Err 0 (0.0e+00)
005.395 [to log] 0.9672
005.396 AC   ACK 11
005.506 Send DATA 16 15, ID 20016
005.634 Recv DATA 16 12, ID 10016. Expect: 16
005.635 AC   ACK 12
005.763 Send DATA 17 16, ID 20017
005.924 Recv DATA 17 13, ID 10017. Expect: 17
005.925 AC   ACK 13
006.021 Send DATA 18 17, ID 20018
006.181 Recv DATA 18 14, ID 10018. Expect: 18
006.183 AC   ACK 14
006.296 Send DATA 19 18, ID 20019
006.441 Recv DATA 19 15, ID 10019. Expect: 19
006.442 AC   ACK 15
006.553 Send DATA 20 19, ID 20020
006.713 Recv DATA 20 16, ID 10020. Expect: 20
006.714 AC   ACK 16
006.826 Send DATA 21 20, ID 20021
006.970 Recv DATA 21 17, ID 10021. Expect: 21
006.971 AC   ACK 17
007.081 Send DATA 22 21, ID 20022
007.222 Recv DATA 22 18, ID 10022. Expect: 22
007.223 AC   ACK 18
007.351 Send DATA 23 22, ID 20023
007.495 Recv DATA 23 19, ID 10023. Expect: 23
007.496 .... 24 packets received, 7753 bps, 96.91%, Err 0 (0.0e+00)
007.498 [to log] 0.9691
007.498 AC   ACK 19
007.610 Send DATA 24 23, ID 20024
007.770 Recv DATA 24 20, ID 10024. Expect: 24
007.772 AC   ACK 20
007.869 Send DATA 25 24, ID 20025
008.013 Recv DATA 25 21, ID 10025. Expect: 25
008.015 AC   ACK 21
008.140 Send DATA 26 25, ID 20026
008.285 Recv DATA 26 22, ID 10026. Expect: 26
008.286 AC   ACK 22
008.399 Send DATA 27 26, ID 20027
008.559 Recv DATA 27 23, ID 10027. Expect: 27
008.561 AC   ACK 23
008.673 Send DATA 28 27, ID 20028
008.818 Recv DATA 28 24, ID 10028. Expect: 28
008.819 AC   ACK 24
008.930 Send DATA 29 28, ID 20029
009.089 Recv DATA 29 25, ID 10029. Expect: 29
009.090 AC   ACK 25
009.201 Send DATA 30 29, ID 20030
009.344 Recv DATA 30 26, ID 10030. Expect: 30
009.345 AC   ACK 26
009.456 Send DATA 31 30, ID 20031
009.598 Recv DATA 31 27, ID 10031. Expect: 31
009.599 .... 32 packets received, 7762 bps, 97.03%, Err 0 (0.0e+00)
009.601 [to log] 0.9703
009.602 AC   ACK 27
009.730 Send DATA 0 31, ID 20032
009.873 Recv DATA 0 28, ID 10032. Expect: 0
009.874 AC   ACK 28
009.985 Send DATA 1 0, ID 20033
010.145 Recv DATA 1 29, ID 10033. Expect: 1
010.147 AC   ACK 29
010.259 Send DATA 2 1, ID 20034
