000.000 =============================================================
000.000                     Station B                               
000.000 -------------------------------------------------------------
000.000 Protocol.lib, version 4.0, jiangyanjun0718@bupt.edu.cn
000.000 Channel: 8000 bps, 270 ms propagation delay, bit error rate 1.0E-05
000.000 Log file "datalink-B.log", TCP port 59144, debug mask 0x03
000.000 Station B is connecting station A (TCP port 59144) ... Failed!
000.000 Station B is connecting station A (TCP port 59144) ... Done.
000.383 New epoch: Sun May  5 12:41:23 2019
000.385 =================================================================
000.386 
000.388 Designed by Secone, build: May  5 2019  12:41:15
000.944 Recv DATA 0 31, ID 10000. Expect: 0
001.038 Send DATA 0 0, ID 20000
001.210 Recv DATA 1 31, ID 10001. Expect: 1
001.241 Send DATA 0 1, ID 20000
001.444 Send DATA 1 1, ID 20001
001.476 Recv DATA 2 31, ID 10002. Expect: 2
001.647 Send DATA 2 2, ID 20002
001.710 Recv DATA 3 31, ID 10003. Expect: 3
001.850 Send DATA 3 3, ID 20003
001.975 Recv DATA 4 31, ID 10004. Expect: 4
002.054 Send DATA 4 4, ID 20004
002.241 Recv DATA 5 31, ID 10005. Expect: 5
002.272 Send DATA 5 5, ID 20005
002.506 Recv DATA 1 0, ID 10001. Expect: 6
002.510 Send DATA 6 5, ID 20006
002.772 Recv DATA 2 0, ID 10002. Expect: 6
003.038 Recv DATA 3 0, ID 10003. Expect: 6
003.303 Recv DATA 4 0, ID 10004. Expect: 6
003.569 Recv DATA 5 0, ID 10005. Expect: 6
003.834 Recv DATA 6 0, ID 10006. Expect: 6
003.836 .... 7 packets received, 4508 bps, 56.35%, Err 0 (0.0e+00)
003.838 [to log] 0.5635
004.100 Recv DATA 7 0, ID 10007. Expect: 7
004.194 ---- DATA 1 timeout
004.197 Send DATA 1 7, ID 20001
004.522 ---- DATA 2 timeout
004.525 Send DATA 2 7, ID 20002
004.834 ---- DATA 3 timeout
004.837 Send DATA 3 7, ID 20003
005.162 ---- DATA 4 timeout
005.163 Send DATA 4 7, ID 20004
005.271 Recv DATA 8 1, ID 10008. Expect: 8
005.274 Send DATA 5 8, ID 20005
005.537 Recv DATA 9 1, ID 10009. Expect: 9
005.771 ---- DATA 6 timeout
005.772 Send DATA 6 9, ID 20006
006.490 Recv DATA 10 5, ID 10010. Expect: 10
006.494 .... 11 packets received, 3860 bps, 48.25%, Err 0 (0.0e+00)
006.498 [to log] 0.4825
006.500 Send DATA 7 10, ID 20007
006.693 Send DATA 8 10, ID 20008
006.818 Recv DATA 11 6, ID 10011. Expect: 11
006.896 Send DATA 9 11, ID 20009
007.099 Send DATA 10 11, ID 20010
007.302 Send DATA 11 11, ID 20011
007.552 Recv DATA 12 7, ID 10012. Expect: 12
007.555 Send DATA 12 12, ID 20012
008.068 Recv DATA 13 9, ID 10013. Expect: 13
008.069 Send DATA 13 13, ID 20013
008.271 Send DATA 14 13, ID 20014
008.896 Recv DATA 14 12, ID 10014. Expect: 14
008.897 .... 15 packets received, 3727 bps, 46.59%, Err 0 (0.0e+00)
008.899 [to log] 0.4659
008.900 Send DATA 15 14, ID 20015
009.099 Send DATA 16 14, ID 20016
009.177 Recv DATA 15 13, ID 10015. Expect: 15
009.302 Send DATA 17 15, ID 20017
009.505 Send DATA 18 15, ID 20018
009.958 Recv DATA 16 15, ID 10016. Expect: 16
009.961 Send DATA 19 16, ID 20019
010.161 Send DATA 20 16, ID 20020
010.489 Recv DATA 17 17, ID 10017. Expect: 17
010.491 Send DATA 21 17, ID 20021
010.692 Send DATA 22 17, ID 20022
011.020 Recv DATA 18 19, ID 10018. Expect: 18
011.022 .... 19 packets received, 3754 bps, 46.92%, Err 0 (0.0e+00)
011.024 [to log] 0.4692
011.025 Send DATA 23 18, ID 20023
011.223 Send DATA 24 18, ID 20024
011.551 Recv DATA 19 21, ID 10019. Expect: 19
011.553 Send DATA 25 19, ID 20025
011.755 Send DATA 26 19, ID 20026
012.067 Recv DATA 20 23, ID 10020. Expect: 20
012.070 Send DATA 27 20, ID 20027
012.270 Send DATA 28 20, ID 20028
012.598 Recv DATA 21 25, ID 10021. Expect: 21
012.601 Send DATA 29 21, ID 20029
012.801 Send DATA 30 21, ID 20030
013.129 Recv DATA 22 27, ID 10022. Expect: 22
013.132 .... 23 packets received, 3776 bps, 47.20%, Err 0 (0.0e+00)
013.135 [to log] 0.4720
013.136 Send DATA 31 22, ID 20031
013.332 Send DATA 0 22, ID 20032
013.660 Recv DATA 23 29, ID 10023. Expect: 23
013.664 Send DATA 1 23, ID 20033
013.863 Send DATA 2 23, ID 20034
014.191 Recv DATA 24 31, ID 10024. Expect: 24
014.193 Send DATA 3 24, ID 20035
014.394 Send DATA 4 24, ID 20036
014.754 Recv DATA 25 1, ID 10025. Expect: 25
014.756 Send DATA 5 25, ID 20037
014.957 Send DATA 6 25, ID 20038
015.238 Recv DATA 26 3, ID 10026. Expect: 26
015.240 .... 27 packets received, 3792 bps, 47.39%, Err 0 (0.0e+00)
015.242 [to log] 0.4739
015.243 Send DATA 7 26, ID 20039
015.441 Send DATA 8 26, ID 20040
015.816 Recv DATA 27 5, ID 10027. Expect: 27
015.819 Send DATA 9 27, ID 20041
016.019 Send DATA 10 27, ID 20042
016.347 Recv DATA 28 7, ID 10028. Expect: 28
016.349 Send DATA 11 28, ID 20043
016.550 Send DATA 12 28, ID 20044
016.862 Recv DATA 29 9, ID 10029. Expect: 29
016.866 Send DATA 13 29, ID 20045
017.066 Send DATA 14 29, ID 20046
017.394 Recv DATA 30 11, ID 10030. Expect: 30
017.397 .... 31 packets received, 3793 bps, 47.41%, Err 0 (0.0e+00)
017.401 [to log] 0.4741
017.402 Send DATA 15 30, ID 20047
017.597 Send DATA 16 30, ID 20048
017.925 Recv DATA 31 13, ID 10031. Expect: 31
017.927 Send DATA 17 31, ID 20049
018.128 Send DATA 18 31, ID 20050
018.456 Recv DATA 0 15, ID 10032. Expect: 0
018.459 Send DATA 19 0, ID 20051
018.659 Send DATA 20 0, ID 20052
018.987 Recv DATA 1 17, ID 10033. Expect: 1
018.989 Send DATA 21 1, ID 20053
019.190 Send DATA 22 1, ID 20054
019.534 Recv DATA 2 19, ID 10034. Expect: 2
019.535 .... 35 packets received, 3797 bps, 47.46%, Err 0 (0.0e+00)
019.537 [to log] 0.4746
019.538 Send DATA 23 2, ID 20055
019.737 Send DATA 24 2, ID 20056
020.034 Recv DATA 3 21, ID 10035. Expect: 3
020.036 Send DATA 25 3, ID 20057
020.237 Send DATA 26 3, ID 20058
020.597 Recv DATA 4 23, ID 10036. Expect: 4
020.599 Send DATA 27 4, ID 20059
020.799 Send DATA 28 4, ID 20060
021.127 Recv DATA 5 25, ID 10037. Expect: 5
021.131 Send DATA 29 5, ID 20061
021.330 Send DATA 30 5, ID 20062
021.658 Recv DATA 6 27, ID 10038. Expect: 6
021.662 .... 39 packets received, 3803 bps, 47.53%, Err 0 (0.0e+00)
021.665 [to log] 0.4753
021.667 Send DATA 31 6, ID 20063
021.862 Send DATA 0 6, ID 20064
022.158 Recv DATA 7 29, ID 10039. Expect: 7
022.160 Send DATA 1 7, ID 20065
022.361 Send DATA 2 7, ID 20066
022.689 Recv DATA 8 31, ID 10040. Expect: 8
022.691 Send DATA 3 8, ID 20067
022.893 Send DATA 4 8, ID 20068
023.252 Recv DATA 9 1, ID 10041. Expect: 9
023.253 Send DATA 5 9, ID 20069
023.455 Send DATA 6 9, ID 20070
023.783 Recv DATA 10 3, ID 10042. Expect: 10
023.785 .... 43 packets received, 3808 bps, 47.60%, Err 0 (0.0e+00)
023.789 [to log] 0.4760
023.790 Send DATA 7 10, ID 20071
023.986 Send DATA 8 10, ID 20072
024.314 Recv DATA 11 5, ID 10043. Expect: 11
024.317 Send DATA 9 11, ID 20073
024.517 Send DATA 10 11, ID 20074
024.845 Recv DATA 12 7, ID 10044. Expect: 12
024.850 Send DATA 11 12, ID 20075
025.048 Send DATA 12 12, ID 20076
025.376 Recv DATA 13 9, ID 10045. Expect: 13
025.378 Send DATA 13 13, ID 20077
025.579 Send DATA 14 13, ID 20078
025.907 Recv DATA 14 11, ID 10046. Expect: 14
025.909 .... 47 packets received, 3812 bps, 47.65%, Err 0 (0.0e+00)
025.911 [to log] 0.4765
025.911 Send DATA 15 14, ID 20079
026.110 Send DATA 16 14, ID 20080
026.407 Recv DATA 15 13, ID 10047. Expect: 15
026.409 Send DATA 17 15, ID 20081
026.610 Send DATA 18 15, ID 20082
026.938 Recv DATA 16 15, ID 10048. Expect: 16
026.941 Send DATA 19 16, ID 20083
027.142 Send DATA 20 16, ID 20084
027.501 Recv DATA 17 17, ID 10049. Expect: 17
027.503 Send DATA 21 17, ID 20085
027.704 Send DATA 22 17, ID 20086
028.032 Recv DATA 18 19, ID 10050. Expect: 18
028.034 .... 51 packets received, 3815 bps, 47.69%, Err 0 (0.0e+00)
028.042 [to log] 0.4769
028.045 Send DATA 23 18, ID 20087
028.251 Send DATA 24 18, ID 20088
028.547 Recv DATA 19 21, ID 10051. Expect: 19
028.550 Send DATA 25 19, ID 20089
028.750 Send DATA 26 19, ID 20090
029.078 Recv DATA 20 23, ID 10052. Expect: 20
029.082 Send DATA 27 20, ID 20091
029.282 Send DATA 28 20, ID 20092
029.610 Recv DATA 21 25, ID 10053. Expect: 21
029.612 Send DATA 29 21, ID 20093
029.813 Send DATA 30 21, ID 20094
030.156 Recv DATA 22 27, ID 10054. Expect: 22
030.158 .... 55 packets received, 3818 bps, 47.73%, Err 0 (0.0e+00)
030.160 [to log] 0.4773
030.161 Send DATA 31 22, ID 20095
030.360 Send DATA 0 22, ID 20096
030.703 Recv DATA 23 29, ID 10055. Expect: 23
030.705 Send DATA 1 23, ID 20097
030.906 Send DATA 2 23, ID 20098
031.203 Recv DATA 24 31, ID 10056. Expect: 24
031.205 Send DATA 3 24, ID 20099
031.406 Send DATA 4 24, ID 20100
031.734 Recv DATA 25 1, ID 10057. Expect: 25
031.736 Send DATA 5 25, ID 20101
031.937 Send DATA 6 25, ID 20102
032.281 Recv DATA 26 3, ID 10058. Expect: 26
032.283 .... 59 packets received, 3821 bps, 47.76%, Err 0 (0.0e+00)
032.285 [to log] 0.4776
032.286 Send DATA 7 26, ID 20103
032.484 Send DATA 8 26, ID 20104
032.812 Recv DATA 27 5, ID 10059. Expect: 27
032.814 Send DATA 9 27, ID 20105
033.015 Send DATA 10 27, ID 20106
033.343 Recv DATA 28 7, ID 10060. Expect: 28
033.345 Send DATA 11 28, ID 20107
033.546 Send DATA 12 28, ID 20108
033.890 Recv DATA 29 9, ID 10061. Expect: 29
033.894 Send DATA 13 29, ID 20109
034.093 Send DATA 14 29, ID 20110
034.390 Recv DATA 30 11, ID 10062. Expect: 30
034.392 .... 63 packets received, 3825 bps, 47.81%, Err 1 (7.0e-06)
034.393 [to log] 0.4781
034.394 Send DATA 15 30, ID 20111
034.593 Send DATA 16 30, ID 20112
034.952 Recv DATA 31 13, ID 10063. Expect: 31
034.954 Send DATA 17 31, ID 20113
035.155 Send DATA 18 31, ID 20114
035.483 Recv DATA 0 13, ID 10064. Expect: 0
036.014 Recv DATA 1 13, ID 10065. Expect: 1
036.717 ---- DATA 14 timeout
036.719 Send DATA 14 1, ID 20110
036.952 ---- DATA 15 timeout
036.953 Send DATA 15 1, ID 20111
037.280 ---- DATA 16 timeout
037.282 Send DATA 16 1, ID 20112
037.451 ---- DATA 17 timeout
037.452 Send DATA 17 1, ID 20113
037.780 ---- DATA 18 timeout
037.781 Send DATA 18 1, ID 20114
037.811 Recv DATA 2 14, ID 10066. Expect: 2
037.813 .... 67 packets received, 3693 bps, 46.16%, Err 1 (6.5e-06)
037.814 [to log] 0.4616
037.814 Send DATA 19 2, ID 20115
038.045 Recv DATA 3 14, ID 10067. Expect: 3
039.138 Recv DATA 4 19, ID 10068. Expect: 4
039.140 Send DATA 20 4, ID 20116
039.342 Send DATA 21 4, ID 20117
039.545 Send DATA 22 4, ID 20118
039.748 Send DATA 23 4, ID 20119
039.951 Send DATA 24 4, ID 20120
040.185 Recv DATA 5 20, ID 10069. Expect: 5
040.187 .... 70 packets received, 3627 bps, 45.33%, Err 1 (6.2e-06)
040.188 [to log] 0.4533
040.189 Send DATA 25 5, ID 20121
040.451 Recv DATA 6 20, ID 10070. Expect: 6
041.529 Recv DATA 7 25, ID 10071. Expect: 7
041.531 Send DATA 26 7, ID 20122
041.731 Send DATA 27 7, ID 20123
041.935 Send DATA 28 7, ID 20124
042.138 Send DATA 29 7, ID 20125
042.341 Send DATA 30 7, ID 20126
042.856 Recv DATA 8 25, ID 10072. Expect: 8
042.858 .... 73 packets received, 3543 bps, 44.28%, Err 1 (6.0e-06)
042.859 [to log] 0.4428
043.153 Recv DATA 9 25, ID 10073. Expect: 9
044.028 ---- DATA 26 timeout
044.029 Send DATA 26 9, ID 20122
044.356 ---- DATA 27 timeout
044.357 Send DATA 27 9, ID 20123
044.684 ---- DATA 28 timeout
044.686 Send DATA 28 9, ID 20124
045.012 ---- DATA 29 timeout
045.014 Send DATA 29 9, ID 20125
045.075 Recv DATA 10 26, ID 10074. Expect: 10
045.077 .... 75 packets received, 3458 bps, 43.22%, Err 1 (5.9e-06)
045.079 [to log] 0.4322
045.080 Send DATA 30 10, ID 20126
045.340 Recv DATA 11 26, ID 10075. Expect: 11
046.340 Recv DATA 12 30, ID 10076. Expect: 12
046.342 Send DATA 31 12, ID 20127
046.543 Send DATA 0 12, ID 20128
046.746 Send DATA 1 12, ID 20129
046.949 Send DATA 2 12, ID 20130
047.387 Recv DATA 13 31, ID 10077. Expect: 13
047.390 .... 78 packets received, 3418 bps, 42.73%, Err 1 (5.6e-06)
047.394 [to log] 0.4273
047.396 Send DATA 3 13, ID 20131
047.668 Recv DATA 14 31, ID 10078. Expect: 14
048.480 Recv DATA 15 3, ID 10079. Expect: 15
048.484 Send DATA 4 15, ID 20132
048.683 Send DATA 5 15, ID 20133
048.887 Send DATA 6 15, ID 20134
049.089 Send DATA 7 15, ID 20135
049.527 Recv DATA 16 4, ID 10080. Expect: 16
049.528 .... 81 packets received, 3394 bps, 42.43%, Err 1 (5.4e-06)
049.530 [to log] 0.4243
049.531 Send DATA 8 16, ID 20136
049.792 Recv DATA 17 4, ID 10081. Expect: 17
050.605 Recv DATA 18 8, ID 10082. Expect: 18
050.606 Send DATA 9 18, ID 20137
050.808 Send DATA 10 18, ID 20138
051.011 Send DATA 11 18, ID 20139
051.214 Send DATA 12 18, ID 20140
051.651 Recv DATA 19 9, ID 10083. Expect: 19
051.654 .... 84 packets received, 3373 bps, 42.17%, Err 1 (5.3e-06)
051.656 [to log] 0.4217
051.657 Send DATA 13 19, ID 20141
051.917 Recv DATA 20 9, ID 10084. Expect: 20
052.729 Recv DATA 21 13, ID 10085. Expect: 21
052.733 Send DATA 14 21, ID 20142
052.932 Send DATA 15 21, ID 20143
053.135 Send DATA 16 21, ID 20144
053.338 Send DATA 17 21, ID 20145
053.776 Recv DATA 22 14, ID 10086. Expect: 22
053.778 .... 87 packets received, 3354 bps, 41.93%, Err 1 (5.1e-06)
053.782 [to log] 0.4193
053.784 Send DATA 18 22, ID 20146
054.057 Recv DATA 23 14, ID 10087. Expect: 23
054.838 Recv DATA 24 16, ID 10088. Expect: 24
054.840 Send DATA 19 24, ID 20147
055.041 Send DATA 20 24, ID 20148
055.900 Recv DATA 25 16, ID 10089. Expect: 25
055.902 .... 90 packets received, 3336 bps, 41.70%, Err 1 (4.9e-06)
055.903 [to log] 0.4170
056.166 Recv DATA 26 16, ID 10090. Expect: 26
056.213 ---- DATA 17 timeout
056.214 Send DATA 17 26, ID 20145
056.291 ---- DATA 18 timeout
056.292 Send DATA 18 26, ID 20146
057.275 Recv DATA 27 17, ID 10091. Expect: 27
057.278 Send DATA 19 27, ID 20147
057.540 Recv DATA 28 17, ID 10092. Expect: 28
057.681 ---- DATA 20 timeout
057.684 Send DATA 20 28, ID 20148
058.353 Recv DATA 29 19, ID 10093. Expect: 29
058.355 .... 94 packets received, 3336 bps, 41.71%, Err 1 (4.8e-06)
058.359 [to log] 0.4171
058.360 Send DATA 21 29, ID 20149
058.556 Send DATA 22 29, ID 20150
058.712 Recv DATA 30 20, ID 10094. Expect: 30
058.759 Send DATA 23 30, ID 20151
059.415 **** Receiver Error, Bad CRC Checksum
059.946 **** Receiver Error, Bad CRC Checksum
060.852 ---- DATA 21 timeout
060.854 Send DATA 21 30, ID 20149
061.180 ---- DATA 22 timeout
061.182 Send DATA 22 30, ID 20150
061.508 ---- DATA 23 timeout
061.510 Send DATA 23 30, ID 20151
061.899 Recv DATA 31 23, ID 10095. Expect: 31
061.900 .... 96 packets received, 3210 bps, 40.13%, Err 3 (1.4e-05)
061.901 [to log] 0.4013
061.902 Send DATA 24 31, ID 20152
062.102 Send DATA 25 31, ID 20153
062.305 Send DATA 26 31, ID 20154
062.430 Recv DATA 0 23, ID 10096. Expect: 0
062.930 Recv DATA 1 24, ID 10097. Expect: 1
062.932 Send DATA 27 1, ID 20155
063.992 Recv DATA 2 27, ID 10098. Expect: 2
063.994 .... 99 packets received, 3201 bps, 40.01%, Err 3 (1.3e-05)
063.995 [to log] 0.4001
063.996 Send DATA 28 2, ID 20156
064.195 Send DATA 29 2, ID 20157
064.273 Recv DATA 3 27, ID 10099. Expect: 3
064.398 Send DATA 30 3, ID 20158
065.039 Recv DATA 4 28, ID 10100. Expect: 4
065.043 Send DATA 31 4, ID 20159
065.585 Recv DATA 5 30, ID 10101. Expect: 5
065.589 Send DATA 0 5, ID 20160
065.789 Send DATA 1 5, ID 20161
066.085 Recv DATA 6 31, ID 10102. Expect: 6
066.087 .... 103 packets received, 3224 bps, 40.30%, Err 3 (1.3e-05)
066.089 [to log] 0.4030
066.090 Send DATA 2 6, ID 20162
066.648 Recv DATA 7 0, ID 10103. Expect: 7
066.650 Send DATA 3 7, ID 20163
067.179 Recv DATA 8 2, ID 10104. Expect: 8
067.183 Send DATA 4 8, ID 20164
067.382 Send DATA 5 8, ID 20165
067.710 Recv DATA 9 3, ID 10105. Expect: 9
067.712 Send DATA 6 9, ID 20166
068.241 Recv DATA 10 4, ID 10106. Expect: 10
068.243 .... 107 packets received, 3242 bps, 40.53%, Err 3 (1.2e-05)
068.245 [to log] 0.4053
068.246 Send DATA 7 10, ID 20167
068.757 Recv DATA 11 6, ID 10107. Expect: 11
068.760 Send DATA 8 11, ID 20168
068.960 Send DATA 9 11, ID 20169
069.288 Recv DATA 12 7, ID 10108. Expect: 12
069.293 Send DATA 10 12, ID 20170
069.788 Recv DATA 13 8, ID 10109. Expect: 13
069.789 Send DATA 11 13, ID 20171
070.334 Recv DATA 14 10, ID 10110. Expect: 14
070.336 .... 111 packets received, 3262 bps, 40.78%, Err 3 (1.2e-05)
070.339 [to log] 0.4078
070.340 Send DATA 12 14, ID 20172
070.537 Send DATA 13 14, ID 20173
070.834 Recv DATA 15 11, ID 10111. Expect: 15
070.838 Send DATA 14 15, ID 20174
071.397 Recv DATA 16 12, ID 10112. Expect: 16
071.399 Send DATA 15 16, ID 20175
071.928 Recv DATA 17 14, ID 10113. Expect: 17
071.932 Send DATA 16 17, ID 20176
072.131 Send DATA 17 17, ID 20177
072.459 Recv DATA 18 15, ID 10114. Expect: 18
072.462 .... 115 packets received, 3280 bps, 41.00%, Err 3 (1.2e-05)
072.470 [to log] 0.4100
072.475 Send DATA 18 18, ID 20178
072.990 Recv DATA 19 16, ID 10115. Expect: 19
072.993 Send DATA 19 19, ID 20179
073.521 Recv DATA 20 18, ID 10116. Expect: 20
073.523 Send DATA 20 20, ID 20180
073.724 Send DATA 21 20, ID 20181
074.052 Recv DATA 21 19, ID 10117. Expect: 21
074.054 Send DATA 22 21, ID 20182
074.583 Recv DATA 22 20, ID 10118. Expect: 22
074.585 .... 119 packets received, 3297 bps, 41.21%, Err 3 (1.1e-05)
074.587 [to log] 0.4121
074.587 Send DATA 23 22, ID 20183
075.115 Recv DATA 23 22, ID 10119. Expect: 23
075.117 Send DATA 24 23, ID 20184
075.318 Send DATA 25 23, ID 20185
075.646 Recv DATA 24 23, ID 10120. Expect: 24
075.649 Send DATA 26 24, ID 20186
076.177 Recv DATA 25 24, ID 10121. Expect: 25
076.179 Send DATA 27 25, ID 20187
076.708 Recv DATA 26 26, ID 10122. Expect: 26
076.710 .... 123 packets received, 3312 bps, 41.40%, Err 4 (1.5e-05)
076.713 [to log] 0.4140
076.714 Send DATA 28 26, ID 20188
076.911 Send DATA 29 26, ID 20189
077.239 Recv DATA 27 27, ID 10123. Expect: 27
077.244 Send DATA 30 27, ID 20190
077.770 Recv DATA 28 28, ID 10124. Expect: 28
077.774 Send DATA 31 28, ID 20191
078.286 Recv DATA 29 30, ID 10125. Expect: 29
078.288 Send DATA 0 29, ID 20192
078.489 Send DATA 1 29, ID 20193
078.832 Recv DATA 30 31, ID 10126. Expect: 30
078.834 .... 127 packets received, 3327 bps, 41.59%, Err 4 (1.4e-05)
078.837 [to log] 0.4159
078.838 Send DATA 2 30, ID 20194
079.317 Recv DATA 31 0, ID 10127. Expect: 31
079.319 Send DATA 3 31, ID 20195
079.863 Recv DATA 0 2, ID 10128. Expect: 0
079.867 Send DATA 4 0, ID 20196
080.066 Send DATA 5 0, ID 20197
080.363 Recv DATA 1 3, ID 10129. Expect: 1
080.365 Send DATA 6 1, ID 20198
080.926 Recv DATA 2 4, ID 10130. Expect: 2
080.928 .... 131 packets received, 3342 bps, 41.78%, Err 4 (1.4e-05)
080.929 [to log] 0.4178
080.929 Send DATA 7 2, ID 20199
081.457 Recv DATA 3 6, ID 10131. Expect: 3
081.459 Send DATA 8 3, ID 20200
081.660 Send DATA 9 3, ID 20201
081.988 Recv DATA 4 7, ID 10132. Expect: 4
081.991 Send DATA 10 4, ID 20202
082.519 Recv DATA 5 8, ID 10133. Expect: 5
082.521 Send DATA 11 5, ID 20203
083.050 Recv DATA 6 10, ID 10134. Expect: 6
083.051 .... 135 packets received, 3356 bps, 41.94%, Err 4 (1.3e-05)
083.053 [to log] 0.4194
083.054 Send DATA 12 6, ID 20204
083.253 Send DATA 13 6, ID 20205
083.566 Recv DATA 7 11, ID 10135. Expect: 7
083.568 Send DATA 14 7, ID 20206
084.112 Recv DATA 8 12, ID 10136. Expect: 8
084.118 Send DATA 15 8, ID 20207
084.612 Recv DATA 9 14, ID 10137. Expect: 9
084.615 Send DATA 16 9, ID 20208
084.815 Send DATA 17 9, ID 20209
085.175 Recv DATA 10 15, ID 10138. Expect: 10
085.177 .... 139 packets received, 3368 bps, 42.10%, Err 4 (1.3e-05)
085.179 [to log] 0.4210
085.180 Send DATA 18 10, ID 20210
085.643 Recv DATA 11 16, ID 10139. Expect: 11
085.647 Send DATA 19 11, ID 20211
086.252 Recv DATA 12 18, ID 10140. Expect: 12
086.256 Send DATA 20 12, ID 20212
086.456 Send DATA 21 12, ID 20213
086.705 Recv DATA 13 19, ID 10141. Expect: 13
086.707 Send DATA 22 13, ID 20214
087.315 Recv DATA 14 20, ID 10142. Expect: 14
087.317 .... 143 packets received, 3379 bps, 42.24%, Err 4 (1.3e-05)
087.320 [to log] 0.4224
087.321 Send DATA 23 14, ID 20215
087.846 Recv DATA 15 22, ID 10143. Expect: 15
087.850 Send DATA 24 15, ID 20216
088.049 Send DATA 25 15, ID 20217
088.377 Recv DATA 16 23, ID 10144. Expect: 16
088.380 Send DATA 26 16, ID 20218
088.908 Recv DATA 17 24, ID 10145. Expect: 17
088.910 Send DATA 27 17, ID 20219
089.439 Recv DATA 18 26, ID 10146. Expect: 18
089.441 .... 147 packets received, 3391 bps, 42.39%, Err 4 (1.2e-05)
089.442 [to log] 0.4239
089.443 Send DATA 28 18, ID 20220
089.642 Send DATA 29 18, ID 20221
089.955 Recv DATA 19 27, ID 10147. Expect: 19
089.957 Send DATA 30 19, ID 20222
090.502 Recv DATA 20 28, ID 10148. Expect: 20
090.504 Send DATA 31 20, ID 20223
091.017 Recv DATA 21 30, ID 10149. Expect: 21
091.020 Send DATA 0 21, ID 20224
091.220 Send DATA 1 21, ID 20225
091.548 Recv DATA 22 31, ID 10150. Expect: 22
091.550 .... 151 packets received, 3402 bps, 42.53%, Err 4 (1.2e-05)
091.552 [to log] 0.4253
091.553 Send DATA 2 22, ID 20226
092.064 Recv DATA 23 0, ID 10151. Expect: 23
092.066 Send DATA 3 23, ID 20227
092.595 Recv DATA 24 2, ID 10152. Expect: 24
092.599 Send DATA 4 24, ID 20228
092.798 Send DATA 5 24, ID 20229
093.126 Recv DATA 25 3, ID 10153. Expect: 25
093.131 Send DATA 6 25, ID 20230
093.626 Recv DATA 26 4, ID 10154. Expect: 26
093.629 .... 155 packets received, 3414 bps, 42.68%, Err 4 (1.2e-05)
093.631 [to log] 0.4268
093.632 Send DATA 7 26, ID 20231
094.172 **** Receiver Error, Bad CRC Checksum
094.688 Recv DATA 28 7, ID 10156. Expect: 27
094.690 Send DATA 8 26, ID 20232
094.891 Send DATA 9 26, ID 20233
095.094 Send DATA 10 26, ID 20234
096.672 Recv DATA 27 10, ID 10155. Expect: 27
096.673 .... 156 packets received, 3327 bps, 41.59%, Err 5 (1.4e-05)
096.674 [to log] 0.4159
096.675 Send DATA 11 27, ID 20235
096.875 Send DATA 12 27, ID 20236
097.078 Send DATA 13 27, ID 20237
097.172 Recv DATA 28 10, ID 10156. Expect: 28
097.735 Recv DATA 29 11, ID 10157. Expect: 29
097.739 Send DATA 14 29, ID 20238
098.796 Recv DATA 30 14, ID 10158. Expect: 30
098.799 .... 159 packets received, 3318 bps, 41.47%, Err 6 (1.7e-05)
098.802 [to log] 0.4147
098.803 Send DATA 15 30, ID 20239
099.000 Send DATA 16 30, ID 20240
099.078 **** Receiver Error, Bad CRC Checksum
099.203 Send DATA 17 30, ID 20241
099.859 Recv DATA 0 15, ID 10160. Expect: 31
099.862 Send DATA 18 30, ID 20242
101.624 Recv DATA 31 15, ID 10159. Expect: 31
101.626 .... 160 packets received, 3245 bps, 40.57%, Err 6 (1.7e-05)
101.627 [to log] 0.4057
101.628 ---- DATA 16 timeout
101.628 Send DATA 16 31, ID 20240
101.952 ---- DATA 17 timeout
101.953 Send DATA 17 31, ID 20241
102.342 Recv DATA 0 15, ID 10160. Expect: 0
102.374 ---- DATA 18 timeout
102.375 Send DATA 18 0, ID 20242
102.670 Recv DATA 1 16, ID 10161. Expect: 1
103.436 Recv DATA 2 18, ID 10162. Expect: 2
103.936 Send DATA 19 2, ID 20243
104.982 Recv DATA 3 19, ID 10163. Expect: 3
104.984 .... 164 packets received, 3219 bps, 40.24%, Err 6 (1.6e-05)
104.986 [to log] 0.4024
105.264 Recv DATA 4 19, ID 10164. Expect: 4
106.982 Send ACK  4
107.482 Recv DATA 3 19, ID 10163. Expect: 5
107.794 Recv DATA 5 19, ID 10165. Expect: 5
107.797 .... 166 packets received, 3173 bps, 39.66%, Err 6 (1.6e-05)
107.801 [to log] 0.3966
107.998 Send DATA 20 5, ID 20244
108.075 Recv DATA 6 19, ID 10166. Expect: 6
109.060 Recv DATA 7 20, ID 10167. Expect: 7
110.075 Send ACK  7
110.622 Recv DATA 6 20, ID 10166. Expect: 8
110.887 Recv DATA 8 20, ID 10168. Expect: 8
110.889 .... 169 packets received, 3140 bps, 39.25%, Err 6 (1.6e-05)
110.891 [to log] 0.3925
111.153 Recv DATA 9 20, ID 10169. Expect: 9
112.184 Send DATA 21 9, ID 20245
113.246 Recv DATA 10 21, ID 10170. Expect: 10
113.248 .... 171 packets received, 3110 bps, 38.88%, Err 6 (1.5e-05)
113.249 [to log] 0.3888
113.512 Recv DATA 11 21, ID 10171. Expect: 11
115.246 Send ACK  11
115.746 Recv DATA 10 21, ID 10170. Expect: 12
116.058 Recv DATA 12 21, ID 10172. Expect: 12
116.061 .... 173 packets received, 3070 bps, 38.38%, Err 6 (1.5e-05)
116.065 [to log] 0.3838
116.214 Send DATA 22 12, ID 20246
116.339 Recv DATA 13 21, ID 10173. Expect: 13
117.325 Recv DATA 14 22, ID 10174. Expect: 14
118.340 Send ACK  14
118.887 Recv DATA 13 22, ID 10173. Expect: 15
119.153 Recv DATA 15 22, ID 10175. Expect: 15
119.155 .... 176 packets received, 3042 bps, 38.02%, Err 6 (1.5e-05)
119.157 [to log] 0.3802
119.434 Recv DATA 16 22, ID 10176. Expect: 16
120.278 Send DATA 23 16, ID 20247
121.340 Recv DATA 17 23, ID 10177. Expect: 17
121.342 .... 178 packets received, 3021 bps, 37.76%, Err 6 (1.5e-05)
121.342 [to log] 0.3776
121.605 Recv DATA 18 23, ID 10178. Expect: 18
123.355 Send ACK  18
123.855 Recv DATA 17 23, ID 10177. Expect: 19
124.167 Recv DATA 19 23, ID 10179. Expect: 19
124.171 .... 180 packets received, 2985 bps, 37.31%, Err 6 (1.4e-05)
124.175 [to log] 0.3731
124.434 Send DATA 24 19, ID 20248
124.464 Recv DATA 20 23, ID 10180. Expect: 20
125.511 Recv DATA 21 24, ID 10181. Expect: 21
126.464 Send ACK  21
126.995 Recv DATA 20 24, ID 10180. Expect: 22
127.260 Recv DATA 22 24, ID 10182. Expect: 22
127.264 .... 183 packets received, 2960 bps, 37.00%, Err 6 (1.4e-05)
127.268 [to log] 0.3700
127.541 Recv DATA 23 24, ID 10183. Expect: 23
128.526 Send DATA 25 23, ID 20249
129.588 Recv DATA 24 25, ID 10184. Expect: 24
129.590 .... 185 packets received, 2939 bps, 36.73%, Err 6 (1.4e-05)
129.591 [to log] 0.3673
129.869 Recv DATA 25 25, ID 10185. Expect: 25
131.603 Send ACK  25
132.087 Recv DATA 24 25, ID 10184. Expect: 26
132.415 Recv DATA 26 25, ID 10186. Expect: 26
132.418 .... 187 packets received, 2907 bps, 36.33%, Err 6 (1.4e-05)
132.421 [to log] 0.3633
132.588 Send DATA 26 26, ID 20250
132.697 Recv DATA 27 25, ID 10187. Expect: 27
133.650 Recv DATA 28 26, ID 10188. Expect: 28
134.697 Send ACK  28
135.243 Recv DATA 27 26, ID 10187. Expect: 29
135.508 Recv DATA 29 26, ID 10189. Expect: 29
135.510 .... 190 packets received, 2885 bps, 36.07%, Err 6 (1.4e-05)
135.512 [to log] 0.3607
135.774 Recv DATA 30 26, ID 10190. Expect: 30
136.697 Send DATA 27 30, ID 20251
137.758 Recv DATA 31 27, ID 10191. Expect: 31
137.761 .... 192 packets received, 2868 bps, 35.85%, Err 6 (1.3e-05)
137.765 [to log] 0.3585
138.039 Recv DATA 0 27, ID 10192. Expect: 0
139.773 Send ACK  0
140.257 Recv DATA 31 27, ID 10191. Expect: 1
140.585 Recv DATA 1 27, ID 10193. Expect: 1
140.588 .... 194 packets received, 2839 bps, 35.49%, Err 6 (1.3e-05)
140.591 [to log] 0.3549
140.836 Send DATA 28 1, ID 20252
140.867 Recv DATA 2 27, ID 10194. Expect: 2
141.898 Recv DATA 3 28, ID 10195. Expect: 3
142.881 Send ACK  3
143.413 Recv DATA 2 28, ID 10194. Expect: 4
143.678 Recv DATA 4 28, ID 10196. Expect: 4
143.680 .... 197 packets received, 2821 bps, 35.26%, Err 6 (1.3e-05)
143.680 [to log] 0.3526
143.944 Recv DATA 5 28, ID 10197. Expect: 5
144.929 Send DATA 29 5, ID 20253
145.990 Recv DATA 6 29, ID 10198. Expect: 6
145.993 .... 199 packets received, 2804 bps, 35.05%, Err 6 (1.3e-05)
145.996 [to log] 0.3505
146.272 Recv DATA 7 29, ID 10199. Expect: 7
147.990 Send ACK  7
148.489 Recv DATA 6 29, ID 10198. Expect: 8
148.802 Recv DATA 8 29, ID 10200. Expect: 8
148.804 .... 201 packets received, 2779 bps, 34.73%, Err 6 (1.3e-05)
148.806 [to log] 0.3473
149.006 Send DATA 30 8, ID 20254
149.083 Recv DATA 9 29, ID 10201. Expect: 9
150.133 Recv DATA 10 30, ID 10202. Expect: 10
151.093 Send ACK  10
151.633 Recv DATA 9 30, ID 10201. Expect: 11
151.899 Recv DATA 11 30, ID 10203. Expect: 11
151.902 .... 204 packets received, 2762 bps, 34.53%, Err 6 (1.2e-05)
151.906 [to log] 0.3453
152.180 Recv DATA 12 30, ID 10204. Expect: 12
153.165 Send DATA 31 12, ID 20255
154.211 Recv DATA 13 31, ID 10205. Expect: 13
154.212 .... 206 packets received, 2747 bps, 34.34%, Err 6 (1.2e-05)
154.213 [to log] 0.3434
154.460 Recv DATA 14 31, ID 10206. Expect: 14
156.226 Send ACK  14
156.710 Recv DATA 13 31, ID 10205. Expect: 15
157.023 Recv DATA 15 31, ID 10207. Expect: 15
157.025 .... 208 packets received, 2724 bps, 34.05%, Err 6 (1.2e-05)
157.026 [to log] 0.3405
157.258 Send DATA 0 15, ID 20256
157.304 Recv DATA 16 31, ID 10208. Expect: 16
158.319 Recv DATA 17 0, ID 10209. Expect: 17
159.304 Send ACK  17
159.850 Recv DATA 16 0, ID 10208. Expect: 18
160.115 Recv DATA 18 0, ID 10210. Expect: 18
160.119 .... 211 packets received, 2710 bps, 33.87%, Err 6 (1.2e-05)
160.123 [to log] 0.3387
160.397 Recv DATA 19 0, ID 10211. Expect: 19
161.336 Send DATA 1 19, ID 20257
162.412 Recv DATA 20 1, ID 10212. Expect: 20
162.414 .... 213 packets received, 2697 bps, 33.71%, Err 6 (1.2e-05)
162.418 [to log] 0.3371
162.662 Recv DATA 21 1, ID 10213. Expect: 21
164.427 Send ACK  21
164.911 Recv DATA 20 1, ID 10212. Expect: 22
165.239 Recv DATA 22 1, ID 10214. Expect: 22
165.241 .... 215 packets received, 2675 bps, 33.44%, Err 6 (1.2e-05)
165.244 [to log] 0.3344
165.505 Recv DATA 23 1, ID 10215. Expect: 23
165.507 Send DATA 2 23, ID 20258
166.567 Recv DATA 24 2, ID 10216. Expect: 24
166.833 Recv DATA 25 2, ID 10217. Expect: 25
168.567 Send ACK  25
169.067 Recv DATA 24 2, ID 10216. Expect: 26
169.379 Recv DATA 26 2, ID 10218. Expect: 26
169.381 .... 219 packets received, 2658 bps, 33.23%, Err 6 (1.2e-05)
169.384 [to log] 0.3323
169.645 Recv DATA 27 2, ID 10219. Expect: 27
169.708 Send DATA 3 27, ID 20259
170.769 Recv DATA 28 3, ID 10220. Expect: 28
171.019 Recv DATA 29 3, ID 10221. Expect: 29
172.769 Send ACK  29
173.269 Recv DATA 28 3, ID 10220. Expect: 30
173.581 Recv DATA 30 3, ID 10222. Expect: 30
173.583 .... 223 packets received, 2641 bps, 33.01%, Err 6 (1.1e-05)
173.584 [to log] 0.3301
173.800 Send DATA 4 30, ID 20260
173.862 Recv DATA 31 3, ID 10223. Expect: 31
174.862 Recv DATA 0 4, ID 10224. Expect: 0
175.862 Send ACK  0
176.409 Recv DATA 31 4, ID 10223. Expect: 1
176.674 Recv DATA 1 4, ID 10225. Expect: 1
176.678 .... 226 packets received, 2630 bps, 32.87%, Err 6 (1.1e-05)
176.683 [to log] 0.3287
176.924 Recv DATA 2 4, ID 10226. Expect: 2
177.908 Send DATA 5 2, ID 20261
178.955 Recv DATA 3 5, ID 10227. Expect: 3
178.956 .... 228 packets received, 2619 bps, 32.74%, Err 6 (1.1e-05)
178.957 [to log] 0.3274
179.220 Recv DATA 4 5, ID 10228. Expect: 4
180.970 Send ACK  4
181.486 Recv DATA 3 5, ID 10227. Expect: 5
181.783 Recv DATA 5 5, ID 10229. Expect: 5
181.786 .... 230 packets received, 2601 bps, 32.51%, Err 6 (1.1e-05)
181.790 [to log] 0.3251
182.018 Send DATA 6 5, ID 20262
182.064 Recv DATA 6 5, ID 10230. Expect: 6
183.095 Recv DATA 7 6, ID 10231. Expect: 7
184.064 Send ACK  7
184.610 Recv DATA 6 6, ID 10230. Expect: 8
184.875 Recv DATA 8 6, ID 10232. Expect: 8
184.878 .... 233 packets received, 2590 bps, 32.38%, Err 6 (1.1e-05)
184.882 [to log] 0.3238
185.157 Recv DATA 9 6, ID 10233. Expect: 9
186.043 Send DATA 7 9, ID 20263
187.116 Recv DATA 10 7, ID 10234. Expect: 10
187.119 .... 235 packets received, 2581 bps, 32.26%, Err 6 (1.1e-05)
187.123 [to log] 0.3226
187.396 Recv DATA 11 7, ID 10235. Expect: 11
189.130 Send ACK  11
189.649 Recv DATA 10 7, ID 10234. Expect: 12
189.949 Recv DATA 12 7, ID 10236. Expect: 12
189.950 .... 237 packets received, 2564 bps, 32.05%, Err 6 (1.1e-05)
189.951 [to log] 0.3205
190.182 Send DATA 8 12, ID 20264
190.228 Recv DATA 13 7, ID 10237. Expect: 13
191.275 Recv DATA 14 8, ID 10238. Expect: 14
192.243 Send ACK  14
192.758 Recv DATA 13 8, ID 10237. Expect: 15
193.055 Recv DATA 15 8, ID 10239. Expect: 15
193.058 .... 240 packets received, 2555 bps, 31.93%, Err 6 (1.0e-05)
193.062 [to log] 0.3193
193.337 Recv DATA 16 8, ID 10240. Expect: 16
194.243 Send DATA 9 16, ID 20265
195.321 Recv DATA 17 9, ID 10241. Expect: 17
195.324 .... 242 packets received, 2546 bps, 31.82%, Err 6 (1.0e-05)
195.328 [to log] 0.3182
195.602 Recv DATA 18 9, ID 10242. Expect: 18
197.335 Send ACK  18
197.835 Recv DATA 17 9, ID 10241. Expect: 19
198.148 Recv DATA 19 9, ID 10243. Expect: 19
198.152 .... 244 packets received, 2530 bps, 31.63%, Err 6 (1.0e-05)
198.156 [to log] 0.3163
198.414 Send DATA 10 19, ID 20266
198.444 Recv DATA 20 9, ID 10244. Expect: 20
199.507 Recv DATA 21 10, ID 10245. Expect: 21
200.007 Send DATA 11 21, ID 20267
200.210 Send DATA 12 21, ID 20268
200.413 Send DATA 13 21, ID 20269
200.975 Recv DATA 20 10, ID 10244. Expect: 22
201.241 Recv DATA 22 11, ID 10246. Expect: 22
201.244 .... 247 packets received, 2522 bps, 31.52%, Err 6 (1.0e-05)
201.246 [to log] 0.3152
201.247 Send DATA 14 22, ID 20270
201.522 Recv DATA 23 11, ID 10247. Expect: 23
202.335 Recv DATA 24 14, ID 10248. Expect: 24
202.340 Send DATA 15 24, ID 20271
202.537 Send DATA 16 24, ID 20272
202.741 Send DATA 17 24, ID 20273
203.397 Recv DATA 25 15, ID 10249. Expect: 25
203.400 .... 250 packets received, 2525 bps, 31.57%, Err 6 (9.9e-06)
203.405 [to log] 0.3157
203.406 Send DATA 18 25, ID 20274
203.678 Recv DATA 26 15, ID 10250. Expect: 26
204.490 Recv DATA 27 18, ID 10251. Expect: 27
204.493 Send DATA 19 27, ID 20275
204.693 Send DATA 20 27, ID 20276
204.896 Send DATA 21 27, ID 20277
205.552 Recv DATA 28 19, ID 10252. Expect: 28
205.554 .... 253 packets received, 2529 bps, 31.61%, Err 6 (9.8e-06)
205.556 [to log] 0.3161
205.557 Send DATA 22 28, ID 20278
205.818 Recv DATA 29 19, ID 10253. Expect: 29
206.646 Recv DATA 30 22, ID 10254. Expect: 30
206.649 Send DATA 23 30, ID 20279
206.849 Send DATA 24 30, ID 20280
207.052 Send DATA 25 30, ID 20281
207.708 Recv DATA 31 23, ID 10255. Expect: 31
207.711 .... 256 packets received, 2532 bps, 31.65%, Err 6 (9.7e-06)
207.718 [to log] 0.3165
207.719 Send DATA 26 31, ID 20282
207.990 Recv DATA 0 23, ID 10256. Expect: 0
208.801 Recv DATA 1 26, ID 10257. Expect: 1
208.806 Send DATA 27 1, ID 20283
209.005 Send DATA 28 1, ID 20284
209.223 Send DATA 29 1, ID 20285
209.848 Recv DATA 2 27, ID 10258. Expect: 2
209.851 .... 259 packets received, 2536 bps, 31.69%, Err 6 (9.6e-06)
209.855 [to log] 0.3169
209.856 Send DATA 30 2, ID 20286
210.129 Recv DATA 3 27, ID 10259. Expect: 3
210.926 Recv DATA 4 30, ID 10260. Expect: 4
210.930 Send DATA 31 4, ID 20287
211.129 Send DATA 0 4, ID 20288
211.333 Send DATA 1 4, ID 20289
211.989 Recv DATA 5 31, ID 10261. Expect: 5
211.990 .... 262 packets received, 2539 bps, 31.74%, Err 6 (9.5e-06)
211.993 [to log] 0.3174
211.994 Send DATA 2 5, ID 20290
212.254 Recv DATA 6 31, ID 10262. Expect: 6
213.050 Recv DATA 7 2, ID 10263. Expect: 7
213.053 Send DATA 3 7, ID 20291
213.254 Send DATA 4 7, ID 20292
213.457 Send DATA 5 7, ID 20293
214.128 Recv DATA 8 3, ID 10264. Expect: 8
214.132 .... 265 packets received, 2542 bps, 31.78%, Err 6 (9.4e-06)
214.136 [to log] 0.3178
214.137 Send DATA 6 8, ID 20294
214.409 Recv DATA 9 3, ID 10265. Expect: 9
215.207 Recv DATA 10 6, ID 10266. Expect: 10
215.211 Send DATA 7 10, ID 20295
215.409 Send DATA 8 10, ID 20296
215.613 Send DATA 9 10, ID 20297
216.268 Recv DATA 11 7, ID 10267. Expect: 11
216.270 .... 268 packets received, 2546 bps, 31.82%, Err 6 (9.3e-06)
216.271 [to log] 0.3182
216.272 Send DATA 10 11, ID 20298
216.535 Recv DATA 12 7, ID 10268. Expect: 12
217.331 Recv DATA 13 10, ID 10269. Expect: 13
217.335 Send DATA 11 13, ID 20299
217.533 Send DATA 12 13, ID 20300
217.737 Send DATA 13 13, ID 20301
218.393 Recv DATA 14 11, ID 10270. Expect: 14
218.394 .... 271 packets received, 2549 bps, 31.86%, Err 6 (9.3e-06)
218.396 [to log] 0.3186
218.397 Send DATA 14 14, ID 20302
218.674 Recv DATA 15 11, ID 10271. Expect: 15
219.471 Recv DATA 16 14, ID 10272. Expect: 16
219.476 Send DATA 15 16, ID 20303
219.674 Send DATA 16 16, ID 20304
219.877 Send DATA 17 16, ID 20305
220.533 Recv DATA 17 15, ID 10273. Expect: 17
220.535 .... 274 packets received, 2552 bps, 31.90%, Err 6 (9.2e-06)
220.537 [to log] 0.3190
220.538 Send DATA 18 17, ID 20306
220.798 Recv DATA 18 15, ID 10274. Expect: 18
221.611 Recv DATA 19 18, ID 10275. Expect: 19
221.615 Send DATA 19 19, ID 20307
221.814 Send DATA 20 19, ID 20308
222.017 Send DATA 21 19, ID 20309
222.673 Recv DATA 20 19, ID 10276. Expect: 20
222.675 .... 277 packets received, 2555 bps, 31.94%, Err 6 (9.1e-06)
222.677 [to log] 0.3194
222.678 Send DATA 22 20, ID 20310
222.939 Recv DATA 21 19, ID 10277. Expect: 21
223.752 Recv DATA 22 22, ID 10278. Expect: 22
223.756 Send DATA 23 22, ID 20311
223.954 Send DATA 24 22, ID 20312
224.157 Send DATA 25 22, ID 20313
224.813 Recv DATA 23 23, ID 10279. Expect: 23
224.816 .... 280 packets received, 2558 bps, 31.98%, Err 6 (9.0e-06)
224.817 [to log] 0.3198
224.819 Send DATA 26 23, ID 20314
225.080 Recv DATA 24 23, ID 10280. Expect: 24
225.861 Recv DATA 25 26, ID 10281. Expect: 25
225.865 Send DATA 27 25, ID 20315
226.063 Send DATA 28 25, ID 20316
226.266 Send DATA 29 25, ID 20317
226.922 Recv DATA 26 27, ID 10282. Expect: 26
226.925 .... 283 packets received, 2561 bps, 32.02%, Err 6 (8.9e-06)
226.930 [to log] 0.3202
226.931 Send DATA 30 26, ID 20318
227.204 Recv DATA 27 27, ID 10283. Expect: 27
228.016 Recv DATA 28 30, ID 10284. Expect: 28
228.020 Send DATA 31 28, ID 20319
228.219 Send DATA 0 28, ID 20320
228.422 Send DATA 1 28, ID 20321
229.079 Recv DATA 29 31, ID 10285. Expect: 29
229.082 .... 286 packets received, 2564 bps, 32.05%, Err 6 (8.8e-06)
229.088 [to log] 0.3205
229.089 Send DATA 2 29, ID 20322
229.359 Recv DATA 30 31, ID 10286. Expect: 30
230.171 Recv DATA 31 2, ID 10287. Expect: 31
230.175 Send DATA 3 31, ID 20323
230.375 Send DATA 4 31, ID 20324
230.578 Send DATA 5 31, ID 20325
231.219 Recv DATA 0 3, ID 10288. Expect: 0
231.222 .... 289 packets received, 2567 bps, 32.09%, Err 6 (8.7e-06)
231.226 [to log] 0.3209
231.227 Send DATA 6 0, ID 20326
231.499 Recv DATA 1 3, ID 10289. Expect: 1
232.296 **** Receiver Error, Bad CRC Checksum
232.999 ---- DATA 4 timeout
233.001 Send DATA 4 1, ID 20324
233.328 ---- DATA 5 timeout
233.330 Send DATA 5 1, ID 20325
233.717 ---- DATA 6 timeout
233.720 Send DATA 6 1, ID 20326
234.045 Recv DATA 1 6, ID 10289. Expect: 2
234.049 Send DATA 7 1, ID 20327
234.249 Send DATA 8 1, ID 20328
234.326 Recv DATA 2 6, ID 10290. Expect: 2
234.328 .... 291 packets received, 2550 bps, 31.88%, Err 7 (1.0e-05)
234.331 [to log] 0.3188
234.452 Send DATA 9 2, ID 20329
235.655 Recv DATA 3 9, ID 10291. Expect: 3
235.659 Send DATA 10 3, ID 20330
235.858 Send DATA 11 3, ID 20331
236.061 Send DATA 12 3, ID 20332
236.701 Recv DATA 4 10, ID 10292. Expect: 4
236.704 .... 293 packets received, 2542 bps, 31.78%, Err 7 (1.0e-05)
236.706 [to log] 0.3178
236.707 Send DATA 13 4, ID 20333
237.779 Recv DATA 5 13, ID 10293. Expect: 5
237.783 Send DATA 14 5, ID 20334
237.982 Send DATA 15 5, ID 20335
238.186 Send DATA 16 5, ID 20336
238.841 Recv DATA 6 14, ID 10294. Expect: 6
238.843 .... 295 packets received, 2536 bps, 31.71%, Err 7 (1.0e-05)
238.844 [to log] 0.3171
238.845 Send DATA 17 6, ID 20337
239.919 Recv DATA 7 17, ID 10295. Expect: 7
239.924 Send DATA 18 7, ID 20338
240.122 Send DATA 19 7, ID 20339
240.325 Send DATA 20 7, ID 20340
240.998 Recv DATA 8 18, ID 10296. Expect: 8
241.001 .... 297 packets received, 2531 bps, 31.63%, Err 7 (9.9e-06)
241.007 [to log] 0.3163
241.008 Send DATA 21 8, ID 20341
242.106 Recv DATA 9 21, ID 10297. Expect: 9
242.110 Send DATA 22 9, ID 20342
242.309 Send DATA 23 9, ID 20343
242.512 Send DATA 24 9, ID 20344
243.168 Recv DATA 10 22, ID 10298. Expect: 10
243.171 .... 299 packets received, 2525 bps, 31.56%, Err 7 (9.9e-06)
243.176 [to log] 0.3156
243.178 Send DATA 25 10, ID 20345
244.247 Recv DATA 11 25, ID 10299. Expect: 11
244.251 Send DATA 26 11, ID 20346
244.450 Send DATA 27 11, ID 20347
244.653 Send DATA 28 11, ID 20348
245.308 Recv DATA 12 26, ID 10300. Expect: 12
245.310 .... 301 packets received, 2520 bps, 31.50%, Err 7 (9.8e-06)
245.312 [to log] 0.3150
245.313 Send DATA 29 12, ID 20349
246.371 Recv DATA 13 29, ID 10301. Expect: 13
246.375 Send DATA 30 13, ID 20350
246.574 Send DATA 31 13, ID 20351
246.777 Send DATA 0 13, ID 20352
247.434 Recv DATA 14 30, ID 10302. Expect: 14
247.437 .... 303 packets received, 2515 bps, 31.43%, Err 7 (9.7e-06)
247.441 [to log] 0.3143
247.442 Send DATA 1 14, ID 20353
249.198 ---- DATA 31 timeout
249.202 Send DATA 31 14, ID 20351
249.464 Recv ACK  0
249.466 Send DATA 1 14, ID 20353
249.667 Send DATA 2 14, ID 20354
249.917 Recv DATA 14 0, ID 10302. Expect: 15
250.260 Recv DATA 15 0, ID 10303. Expect: 15
250.264 .... 304 packets received, 2494 bps, 31.18%, Err 7 (9.7e-06)
250.267 [to log] 0.3118
251.635 TCP disconnected.
