000.000 =============================================================
000.000                     Station A                               
000.000 -------------------------------------------------------------
000.000 Protocol.lib, version 4.0, jiangyanjun0718@bupt.edu.cn
000.000 Channel: 8000 bps, 270 ms propagation delay, bit error rate 1.0E-05
000.000 Log file "datalink-A.log", TCP port 59144, debug mask 0x03
000.000 Station A is waiting for station B on TCP port 59144 ... Done.
000.383 New epoch: Sun May  5 12:41:23 2019
000.385 =================================================================
000.386 
000.387 Designed by Secone, build: May  5 2019  12:41:15
000.388 Send DATA 0 31, ID 10000
000.585 Send DATA 1 31, ID 10001
000.788 Send DATA 2 31, ID 10002
000.991 Send DATA 3 31, ID 10003
001.194 Send DATA 4 31, ID 10004
001.398 Send DATA 5 31, ID 10005
001.554 Recv DATA 0 0, ID 20000. Expect: 0
001.601 Send DATA 1 0, ID 10001
001.804 Send DATA 2 0, ID 10002
001.835 Recv DATA 0 1, ID 20000. Expect: 1
002.007 Send DATA 3 0, ID 10003
002.100 **** Receiver Error, Bad CRC Checksum
002.366 Recv DATA 2 2, ID 20002. Expect: 1
002.367 Send DATA 4 0, ID 10004
002.616 Recv DATA 3 3, ID 20003. Expect: 1
002.618 Send DATA 5 0, ID 10005
002.881 Recv DATA 4 4, ID 20004. Expect: 1
002.884 Send DATA 6 0, ID 10006
003.147 Recv DATA 5 5, ID 20005. Expect: 1
003.149 Send DATA 7 0, ID 10007
003.413 Recv DATA 6 5, ID 20006. Expect: 1
004.725 Recv DATA 1 7, ID 20001. Expect: 1
004.727 .... 2 packets received, 1197 bps, 14.96%, Err 1 (4.9e-05)
004.730 [to log] 0.1496
004.733 Send DATA 8 1, ID 10008
004.928 Send DATA 9 1, ID 10009
005.053 Recv DATA 2 7, ID 20002. Expect: 2
005.350 Recv DATA 3 7, ID 20003. Expect: 3
005.693 Recv DATA 4 7, ID 20004. Expect: 4
005.959 Recv DATA 5 8, ID 20005. Expect: 5
005.961 Send DATA 10 5, ID 10010
006.287 Recv DATA 6 9, ID 20006. Expect: 6
006.289 Send DATA 11 6, ID 10011
007.021 Recv DATA 7 10, ID 20007. Expect: 7
007.024 .... 8 packets received, 2865 bps, 35.81%, Err 1 (3.0e-05)
007.027 [to log] 0.3581
007.031 Send DATA 12 7, ID 10012
007.302 Recv DATA 8 10, ID 20008. Expect: 8
007.552 Recv DATA 9 11, ID 20009. Expect: 9
007.557 Send DATA 13 9, ID 10013
007.818 Recv DATA 10 11, ID 20010. Expect: 10
008.083 Recv DATA 11 11, ID 20011. Expect: 11
008.365 Recv DATA 12 12, ID 20012. Expect: 12
008.366 Send DATA 14 12, ID 10014
008.614 Recv DATA 13 13, ID 20013. Expect: 13
008.616 Send DATA 15 13, ID 10015
008.864 Recv DATA 14 13, ID 20014. Expect: 14
009.427 Recv DATA 15 14, ID 20015. Expect: 15
009.428 .... 16 packets received, 4033 bps, 50.41%, Err 1 (2.0e-05)
009.430 [to log] 0.5041
009.431 Send DATA 16 15, ID 10016
009.693 Recv DATA 16 14, ID 20016. Expect: 16
009.958 Recv DATA 17 15, ID 20017. Expect: 17
009.961 Send DATA 17 17, ID 10017
010.223 Recv DATA 18 15, ID 20018. Expect: 18
010.489 Recv DATA 19 16, ID 20019. Expect: 19
010.491 Send DATA 18 19, ID 10018
010.755 Recv DATA 20 16, ID 20020. Expect: 20
011.020 Recv DATA 21 17, ID 20021. Expect: 21
011.022 Send DATA 19 21, ID 10019
011.286 Recv DATA 22 17, ID 20022. Expect: 22
011.551 Recv DATA 23 18, ID 20023. Expect: 23
011.553 .... 24 packets received, 4796 bps, 59.95%, Err 1 (1.5e-05)
011.555 [to log] 0.5995
011.555 Send DATA 20 23, ID 10020
011.817 Recv DATA 24 18, ID 20024. Expect: 24
012.082 Recv DATA 25 19, ID 20025. Expect: 25
012.084 Send DATA 21 25, ID 10021
012.348 Recv DATA 26 19, ID 20026. Expect: 26
012.613 Recv DATA 27 20, ID 20027. Expect: 27
012.616 Send DATA 22 27, ID 10022
012.879 Recv DATA 28 20, ID 20028. Expect: 28
013.145 Recv DATA 29 21, ID 20029. Expect: 29
013.147 Send DATA 23 29, ID 10023
013.410 Recv DATA 30 21, ID 20030. Expect: 30
013.676 Recv DATA 31 22, ID 20031. Expect: 31
013.680 .... 32 packets received, 5296 bps, 66.20%, Err 1 (1.2e-05)
013.684 [to log] 0.6620
013.687 Send DATA 24 31, ID 10024
013.957 Recv DATA 0 22, ID 20032. Expect: 0
014.207 Recv DATA 1 23, ID 20033. Expect: 1
014.209 Send DATA 25 1, ID 10025
014.473 Recv DATA 2 23, ID 20034. Expect: 2
014.707 Recv DATA 3 24, ID 20035. Expect: 3
014.710 Send DATA 26 3, ID 10026
014.972 Recv DATA 4 24, ID 20036. Expect: 4
015.285 Recv DATA 5 25, ID 20037. Expect: 5
015.286 Send DATA 27 5, ID 10027
015.550 Recv DATA 6 25, ID 20038. Expect: 6
015.816 Recv DATA 7 26, ID 20039. Expect: 7
015.818 .... 40 packets received, 5644 bps, 70.55%, Err 1 (9.9e-06)
015.824 [to log] 0.7055
015.827 Send DATA 28 7, ID 10028
016.097 Recv DATA 8 26, ID 20040. Expect: 8
016.347 Recv DATA 9 27, ID 20041. Expect: 9
016.349 Send DATA 29 9, ID 10029
016.613 Recv DATA 10 27, ID 20042. Expect: 10
016.878 Recv DATA 11 28, ID 20043. Expect: 11
016.884 Send DATA 30 11, ID 10030
017.144 Recv DATA 12 28, ID 20044. Expect: 12
017.409 Recv DATA 13 29, ID 20045. Expect: 13
017.412 Send DATA 31 13, ID 10031
017.675 Recv DATA 14 29, ID 20046. Expect: 14
017.941 Recv DATA 15 30, ID 20047. Expect: 15
017.943 .... 48 packets received, 5908 bps, 73.86%, Err 1 (8.5e-06)
017.944 [to log] 0.7386
017.944 Send DATA 0 15, ID 10032
018.206 Recv DATA 16 30, ID 20048. Expect: 16
018.472 Recv DATA 17 31, ID 20049. Expect: 17
018.477 Send DATA 1 17, ID 10033
018.737 Recv DATA 18 31, ID 20050. Expect: 18
019.003 Recv DATA 19 0, ID 20051. Expect: 19
019.005 Send DATA 2 19, ID 10034
019.253 Recv DATA 20 0, ID 20052. Expect: 20
019.503 Recv DATA 21 1, ID 20053. Expect: 21
019.506 Send DATA 3 21, ID 10035
019.768 Recv DATA 22 1, ID 20054. Expect: 22
020.065 Recv DATA 23 2, ID 20055. Expect: 23
020.066 .... 56 packets received, 6112 bps, 76.41%, Err 1 (7.4e-06)
020.067 [to log] 0.7641
020.068 Send DATA 4 23, ID 10036
020.330 Recv DATA 24 2, ID 20056. Expect: 24
020.597 Recv DATA 25 3, ID 20057. Expect: 25
020.598 Send DATA 5 25, ID 10037
020.862 Recv DATA 26 3, ID 20058. Expect: 26
021.127 Recv DATA 27 4, ID 20059. Expect: 27
021.131 Send DATA 6 27, ID 10038
021.393 Recv DATA 28 4, ID 20060. Expect: 28
021.643 Recv DATA 29 5, ID 20061. Expect: 29
021.645 Send DATA 7 29, ID 10039
021.908 Recv DATA 30 5, ID 20062. Expect: 30
022.174 Recv DATA 31 6, ID 20063. Expect: 31
022.176 .... 64 packets received, 6280 bps, 78.50%, Err 1 (6.6e-06)
022.177 [to log] 0.7850
022.178 Send DATA 8 31, ID 10040
022.471 Recv DATA 0 6, ID 20064. Expect: 0
022.721 Recv DATA 1 7, ID 20065. Expect: 1
022.722 Send DATA 9 1, ID 10041
022.986 Recv DATA 2 7, ID 20066. Expect: 2
023.252 Recv DATA 3 8, ID 20067. Expect: 3
023.253 Send DATA 10 3, ID 10042
023.517 Recv DATA 4 8, ID 20068. Expect: 4
023.783 Recv DATA 5 9, ID 20069. Expect: 5
023.786 Send DATA 11 5, ID 10043
024.048 Recv DATA 6 9, ID 20070. Expect: 6
024.314 Recv DATA 7 10, ID 20071. Expect: 7
024.316 .... 72 packets received, 6408 bps, 80.10%, Err 2 (1.2e-05)
024.318 [to log] 0.8010
024.319 Send DATA 12 7, ID 10044
024.579 Recv DATA 8 10, ID 20072. Expect: 8
024.845 Recv DATA 9 11, ID 20073. Expect: 9
024.849 Send DATA 13 9, ID 10045
025.111 Recv DATA 10 11, ID 20074. Expect: 10
025.376 Recv DATA 11 12, ID 20075. Expect: 11
025.378 Send DATA 14 11, ID 10046
025.642 Recv DATA 12 12, ID 20076. Expect: 12
025.892 Recv DATA 13 13, ID 20077. Expect: 13
025.894 Send DATA 15 13, ID 10047
026.157 Recv DATA 14 13, ID 20078. Expect: 14
026.423 Recv DATA 15 14, ID 20079. Expect: 15
026.425 .... 80 packets received, 6522 bps, 81.53%, Err 2 (1.1e-05)
026.426 [to log] 0.8153
026.426 Send DATA 16 15, ID 10048
026.720 Recv DATA 16 14, ID 20080. Expect: 16
026.969 Recv DATA 17 15, ID 20081. Expect: 17
026.971 Send DATA 17 17, ID 10049
027.235 Recv DATA 18 15, ID 20082. Expect: 18
027.501 Recv DATA 19 16, ID 20083. Expect: 19
027.503 Send DATA 18 19, ID 10050
027.766 Recv DATA 20 16, ID 20084. Expect: 20
028.032 Recv DATA 21 17, ID 20085. Expect: 21
028.036 Send DATA 19 21, ID 10051
028.297 Recv DATA 22 17, ID 20086. Expect: 22
028.563 Recv DATA 23 18, ID 20087. Expect: 23
028.567 .... 88 packets received, 6611 bps, 82.64%, Err 2 (9.9e-06)
028.570 [to log] 0.8264
028.573 Send DATA 20 23, ID 10052
028.844 Recv DATA 24 18, ID 20088. Expect: 24
029.094 Recv DATA 25 19, ID 20089. Expect: 25
029.100 Send DATA 21 25, ID 10053
029.360 Recv DATA 26 19, ID 20090. Expect: 26
029.625 Recv DATA 27 20, ID 20091. Expect: 27
029.628 Send DATA 22 27, ID 10054
029.906 Recv DATA 28 20, ID 20092. Expect: 28
030.172 Recv DATA 29 21, ID 20093. Expect: 29
030.177 Send DATA 23 29, ID 10055
030.422 Recv DATA 30 21, ID 20094. Expect: 30
030.672 Recv DATA 31 22, ID 20095. Expect: 31
030.674 .... 96 packets received, 6694 bps, 83.68%, Err 2 (9.1e-06)
030.677 [to log] 0.8368
030.679 Send DATA 24 31, ID 10056
030.953 Recv DATA 0 22, ID 20096. Expect: 0
031.219 Recv DATA 1 23, ID 20097. Expect: 1
031.221 Send DATA 25 1, ID 10057
031.515 Recv DATA 2 23, ID 20098. Expect: 2
031.765 Recv DATA 3 24, ID 20099. Expect: 3
031.767 Send DATA 26 3, ID 10058
032.031 Recv DATA 4 24, ID 20100. Expect: 4
032.296 Recv DATA 5 25, ID 20101. Expect: 5
032.301 Send DATA 27 5, ID 10059
032.562 Recv DATA 6 25, ID 20102. Expect: 6
032.828 Recv DATA 7 26, ID 20103. Expect: 7
032.830 .... 104 packets received, 6756 bps, 84.45%, Err 2 (8.5e-06)
032.831 [to log] 0.8445
032.831 Send DATA 28 7, ID 10060
033.093 Recv DATA 8 26, ID 20104. Expect: 8
033.359 Recv DATA 9 27, ID 20105. Expect: 9
033.361 Send DATA 29 9, ID 10061
033.609 Recv DATA 10 27, ID 20106. Expect: 10
033.859 Recv DATA 11 28, ID 20107. Expect: 11
033.861 Send DATA 30 11, ID 10062
034.124 Recv DATA 12 28, ID 20108. Expect: 12
034.421 Recv DATA 13 29, ID 20109. Expect: 13
034.422 Send DATA 31 13, ID 10063
034.686 **** Receiver Error, Bad CRC Checksum
034.952 Recv DATA 15 30, ID 20111. Expect: 14
034.954 Send DATA 0 13, ID 10064
035.217 Recv DATA 16 30, ID 20112. Expect: 14
035.483 Recv DATA 17 31, ID 20113. Expect: 14
035.486 Send DATA 1 13, ID 10065
035.748 Recv DATA 18 31, ID 20114. Expect: 14
037.264 Recv DATA 14 1, ID 20110. Expect: 14
037.266 .... 111 packets received, 6321 bps, 79.02%, Err 3 (1.1e-05)
037.269 [to log] 0.7902
037.271 Send DATA 2 14, ID 10066
037.467 Send DATA 3 14, ID 10067
037.545 Recv DATA 15 1, ID 20111. Expect: 15
037.795 Recv DATA 16 1, ID 20112. Expect: 16
038.092 Recv DATA 17 1, ID 20113. Expect: 17
038.357 Recv DATA 18 1, ID 20114. Expect: 18
038.607 Recv DATA 19 2, ID 20115. Expect: 19
038.610 Send DATA 4 19, ID 10068
039.670 Recv DATA 20 4, ID 20116. Expect: 20
039.673 .... 117 packets received, 6245 bps, 78.07%, Err 3 (1.1e-05)
039.677 [to log] 0.7807
039.680 Send DATA 5 20, ID 10069
039.873 Send DATA 6 20, ID 10070
039.935 Recv DATA 21 4, ID 20117. Expect: 21
040.201 Recv DATA 22 4, ID 20118. Expect: 22
040.466 Recv DATA 23 4, ID 20119. Expect: 23
040.732 Recv DATA 24 4, ID 20120. Expect: 24
040.997 Recv DATA 25 5, ID 20121. Expect: 25
041.001 Send DATA 7 25, ID 10071
042.060 **** Receiver Error, Bad CRC Checksum
042.341 Recv DATA 27 7, ID 20123. Expect: 26
042.344 Send DATA 8 25, ID 10072
042.544 Send DATA 9 25, ID 10073
042.606 Recv DATA 28 7, ID 20124. Expect: 26
042.841 Recv DATA 29 7, ID 20125. Expect: 26
043.106 Recv DATA 30 7, ID 20126. Expect: 26
044.559 Recv DATA 26 9, ID 20122. Expect: 26
044.561 .... 123 packets received, 5823 bps, 72.79%, Err 4 (1.3e-05)
044.562 [to log] 0.7279
044.562 Send DATA 10 26, ID 10074
044.762 Send DATA 11 26, ID 10075
044.887 Recv DATA 27 9, ID 20123. Expect: 27
045.215 Recv DATA 28 9, ID 20124. Expect: 28
045.543 Recv DATA 29 9, ID 20125. Expect: 29
045.809 Recv DATA 30 10, ID 20126. Expect: 30
045.812 Send DATA 12 30, ID 10076
046.871 Recv DATA 31 12, ID 20127. Expect: 31
046.873 .... 128 packets received, 5753 bps, 71.91%, Err 4 (1.3e-05)
046.874 [to log] 0.7191
046.874 Send DATA 13 31, ID 10077
047.074 Send DATA 14 31, ID 10078
047.152 Recv DATA 0 12, ID 20128. Expect: 0
047.402 Recv DATA 1 12, ID 20129. Expect: 1
047.667 Recv DATA 2 12, ID 20130. Expect: 2
047.933 Recv DATA 3 13, ID 20131. Expect: 3
047.937 Send DATA 15 3, ID 10079
049.011 Recv DATA 4 15, ID 20132. Expect: 4
049.013 .... 133 packets received, 5709 bps, 71.37%, Err 4 (1.3e-05)
049.014 [to log] 0.7137
049.015 Send DATA 16 4, ID 10080
049.214 Send DATA 17 4, ID 10081
049.277 Recv DATA 5 15, ID 20133. Expect: 5
049.542 Recv DATA 6 15, ID 20134. Expect: 6
049.808 Recv DATA 7 15, ID 20135. Expect: 7
050.073 Recv DATA 8 16, ID 20136. Expect: 8
050.075 Send DATA 18 8, ID 10082
051.136 Recv DATA 9 18, ID 20137. Expect: 9
051.137 .... 138 packets received, 5671 bps, 70.89%, Err 4 (1.2e-05)
051.139 [to log] 0.7089
051.139 Send DATA 19 9, ID 10083
051.339 Send DATA 20 9, ID 10084
051.417 Recv DATA 10 18, ID 20138. Expect: 10
051.651 Recv DATA 11 18, ID 20139. Expect: 11
051.948 Recv DATA 12 18, ID 20140. Expect: 12
052.198 Recv DATA 13 19, ID 20141. Expect: 13
052.200 Send DATA 21 13, ID 10085
053.260 Recv DATA 14 21, ID 20142. Expect: 14
053.262 .... 143 packets received, 5637 bps, 70.46%, Err 4 (1.2e-05)
053.265 [to log] 0.7046
053.267 Send DATA 22 14, ID 10086
053.463 Send DATA 23 14, ID 10087
053.541 Recv DATA 15 21, ID 20143. Expect: 15
053.791 Recv DATA 16 21, ID 20144. Expect: 16
054.057 **** Receiver Error, Bad CRC Checksum
054.322 Recv DATA 18 22, ID 20146. Expect: 17
054.326 Send DATA 24 16, ID 10088
055.369 Recv DATA 19 24, ID 20147. Expect: 17
055.373 Send DATA 25 16, ID 10089
055.572 Send DATA 26 16, ID 10090
055.635 Recv DATA 20 24, ID 20148. Expect: 17
056.744 Recv DATA 17 26, ID 20145. Expect: 17
056.746 .... 146 packets received, 5393 bps, 67.41%, Err 5 (1.4e-05)
056.746 [to log] 0.6741
056.747 Send DATA 27 17, ID 10091
056.947 Send DATA 28 17, ID 10092
057.025 Recv DATA 18 26, ID 20146. Expect: 18
057.822 Recv DATA 19 27, ID 20147. Expect: 19
057.826 Send DATA 29 19, ID 10093
058.181 Recv DATA 20 28, ID 20148. Expect: 20
058.183 Send DATA 30 20, ID 10094
058.884 Recv DATA 21 29, ID 20149. Expect: 21
058.886 .... 150 packets received, 5335 bps, 66.69%, Err 5 (1.4e-05)
058.889 [to log] 0.6669
058.892 Send DATA 31 21, ID 10095
059.165 Recv DATA 22 29, ID 20150. Expect: 22
059.415 Recv DATA 23 30, ID 20151. Expect: 23
059.417 Send DATA 0 23, ID 10096
061.383 Recv DATA 21 30, ID 20149. Expect: 24
061.385 ---- DATA 31 timeout
061.386 Send DATA 31 23, ID 10095
061.711 Recv DATA 22 30, ID 20150. Expect: 24
061.915 ---- DATA 0 timeout
061.916 Send DATA 0 23, ID 10096
062.039 Recv DATA 23 30, ID 20151. Expect: 24
062.414 Recv DATA 24 31, ID 20152. Expect: 24
062.416 .... 153 packets received, 5127 bps, 64.09%, Err 5 (1.3e-05)
062.418 [to log] 0.6409
062.420 Send DATA 1 24, ID 10097
062.680 Recv DATA 25 31, ID 20153. Expect: 25
062.945 Recv DATA 26 31, ID 20154. Expect: 26
063.461 Recv DATA 27 1, ID 20155. Expect: 27
063.465 Send DATA 2 27, ID 10098
063.664 Send DATA 3 27, ID 10099
064.523 Recv DATA 28 2, ID 20156. Expect: 28
064.525 .... 157 packets received, 5086 bps, 63.57%, Err 5 (1.3e-05)
064.526 [to log] 0.6357
064.527 Send DATA 4 28, ID 10100
064.789 Recv DATA 29 2, ID 20157. Expect: 29
065.054 Recv DATA 30 3, ID 20158. Expect: 30
065.057 Send DATA 5 30, ID 10101
065.554 Recv DATA 31 4, ID 20159. Expect: 31
065.558 Send DATA 6 31, ID 10102
066.116 Recv DATA 0 5, ID 20160. Expect: 0
066.118 Send DATA 7 0, ID 10103
066.382 Recv DATA 1 5, ID 20161. Expect: 1
066.648 Recv DATA 2 6, ID 20162. Expect: 2
066.649 .... 163 packets received, 5109 bps, 63.86%, Err 5 (1.3e-05)
066.651 [to log] 0.6386
066.652 Send DATA 8 2, ID 10104
067.179 Recv DATA 3 7, ID 20163. Expect: 3
067.183 Send DATA 9 3, ID 10105
067.710 Recv DATA 4 8, ID 20164. Expect: 4
067.712 Send DATA 10 4, ID 10106
067.976 Recv DATA 5 8, ID 20165. Expect: 5
068.241 Recv DATA 6 9, ID 20166. Expect: 6
068.243 Send DATA 11 6, ID 10107
068.772 Recv DATA 7 10, ID 20167. Expect: 7
068.774 .... 168 packets received, 5100 bps, 63.74%, Err 5 (1.2e-05)
068.775 [to log] 0.6374
068.776 Send DATA 12 7, ID 10108
069.272 Recv DATA 8 11, ID 20168. Expect: 8
069.275 Send DATA 13 8, ID 10109
069.538 Recv DATA 9 11, ID 20169. Expect: 9
069.803 Recv DATA 10 12, ID 20170. Expect: 10
069.806 Send DATA 14 10, ID 10110
070.303 Recv DATA 11 13, ID 20171. Expect: 11
070.306 Send DATA 15 11, ID 10111
070.866 Recv DATA 12 14, ID 20172. Expect: 12
070.867 .... 173 packets received, 5093 bps, 63.67%, Err 5 (1.2e-05)
070.870 [to log] 0.6367
070.871 Send DATA 16 12, ID 10112
071.131 Recv DATA 13 14, ID 20173. Expect: 13
071.397 Recv DATA 14 15, ID 20174. Expect: 14
071.399 Send DATA 17 14, ID 10113
071.928 Recv DATA 15 16, ID 20175. Expect: 15
071.932 Send DATA 18 15, ID 10114
072.459 Recv DATA 16 17, ID 20176. Expect: 16
072.463 Send DATA 19 16, ID 10115
072.724 Recv DATA 17 17, ID 20177. Expect: 17
072.990 Recv DATA 18 18, ID 20178. Expect: 18
072.993 .... 179 packets received, 5114 bps, 63.92%, Err 5 (1.2e-05)
072.995 [to log] 0.6392
072.995 Send DATA 20 18, ID 10116
073.521 Recv DATA 19 19, ID 20179. Expect: 19
073.523 Send DATA 21 19, ID 10117
074.052 Recv DATA 20 20, ID 20180. Expect: 20
074.054 Send DATA 22 20, ID 10118
074.318 Recv DATA 21 20, ID 20181. Expect: 21
074.583 Recv DATA 22 21, ID 20182. Expect: 22
074.586 Send DATA 23 22, ID 10119
075.115 Recv DATA 23 22, ID 20183. Expect: 23
075.117 .... 184 packets received, 5105 bps, 63.82%, Err 5 (1.1e-05)
075.119 [to log] 0.6382
075.119 Send DATA 24 23, ID 10120
075.646 Recv DATA 24 23, ID 20184. Expect: 24
075.650 Send DATA 25 24, ID 10121
075.911 Recv DATA 25 23, ID 20185. Expect: 25
076.177 Recv DATA 26 24, ID 20186. Expect: 26
076.179 Send DATA 26 26, ID 10122
076.708 Recv DATA 27 25, ID 20187. Expect: 27
076.711 Send DATA 27 27, ID 10123
077.239 Recv DATA 28 26, ID 20188. Expect: 28
077.242 .... 189 packets received, 5097 bps, 63.72%, Err 5 (1.1e-05)
077.251 [to log] 0.6372
077.256 Send DATA 28 28, ID 10124
077.520 Recv DATA 29 26, ID 20189. Expect: 29
077.770 Recv DATA 30 27, ID 20190. Expect: 30
077.774 Send DATA 29 30, ID 10125
078.301 Recv DATA 31 28, ID 20191. Expect: 31
078.304 Send DATA 30 31, ID 10126
078.801 Recv DATA 0 29, ID 20192. Expect: 0
078.806 Send DATA 31 0, ID 10127
079.067 Recv DATA 1 29, ID 20193. Expect: 1
079.332 Recv DATA 2 30, ID 20194. Expect: 2
079.336 .... 195 packets received, 5118 bps, 63.98%, Err 5 (1.1e-05)
079.339 [to log] 0.6398
079.342 Send DATA 0 2, ID 10128
079.832 Recv DATA 3 31, ID 20195. Expect: 3
079.835 Send DATA 1 3, ID 10129
080.395 Recv DATA 4 0, ID 20196. Expect: 4
080.398 Send DATA 2 4, ID 10130
080.660 Recv DATA 5 0, ID 20197. Expect: 5
080.926 Recv DATA 6 1, ID 20198. Expect: 6
080.928 Send DATA 3 6, ID 10131
081.457 Recv DATA 7 2, ID 20199. Expect: 7
081.458 .... 200 packets received, 5110 bps, 63.88%, Err 5 (1.1e-05)
081.460 [to log] 0.6388
081.461 Send DATA 4 7, ID 10132
081.988 Recv DATA 8 3, ID 20200. Expect: 8
081.991 Send DATA 5 8, ID 10133
082.253 Recv DATA 9 3, ID 20201. Expect: 9
082.519 Recv DATA 10 4, ID 20202. Expect: 10
082.522 Send DATA 6 10, ID 10134
083.050 Recv DATA 11 5, ID 20203. Expect: 11
083.052 Send DATA 7 11, ID 10135
083.581 Recv DATA 12 6, ID 20204. Expect: 12
083.585 .... 205 packets received, 5103 bps, 63.78%, Err 5 (1.0e-05)
083.589 [to log] 0.6378
083.592 Send DATA 8 12, ID 10136
083.862 Recv DATA 13 6, ID 20205. Expect: 13
084.097 Recv DATA 14 7, ID 20206. Expect: 14
084.099 Send DATA 9 14, ID 10137
084.643 Recv DATA 15 8, ID 20207. Expect: 15
084.646 Send DATA 10 15, ID 10138
085.128 Recv DATA 16 9, ID 20208. Expect: 16
085.132 Send DATA 11 16, ID 10139
085.393 Recv DATA 17 9, ID 20209. Expect: 17
085.721 Recv DATA 18 10, ID 20210. Expect: 18
085.723 .... 211 packets received, 5119 bps, 63.99%, Err 5 (1.0e-05)
085.724 [to log] 0.6399
085.725 Send DATA 12 18, ID 10140
086.174 Recv DATA 19 11, ID 20211. Expect: 19
086.177 Send DATA 13 19, ID 10141
086.784 Recv DATA 20 12, ID 20212. Expect: 20
086.786 Send DATA 14 20, ID 10142
087.049 Recv DATA 21 12, ID 20213. Expect: 21
087.315 Recv DATA 22 13, ID 20214. Expect: 22
087.317 Send DATA 15 22, ID 10143
087.846 Recv DATA 23 14, ID 20215. Expect: 23
087.847 .... 216 packets received, 5111 bps, 63.89%, Err 5 (9.9e-06)
087.849 [to log] 0.6389
087.851 Send DATA 16 23, ID 10144
088.377 Recv DATA 24 15, ID 20216. Expect: 24
088.380 Send DATA 17 24, ID 10145
088.658 Recv DATA 25 15, ID 20217. Expect: 25
088.908 Recv DATA 26 16, ID 20218. Expect: 26
088.910 Send DATA 18 26, ID 10146
089.439 Recv DATA 27 17, ID 20219. Expect: 27
089.441 Send DATA 19 27, ID 10147
089.970 Recv DATA 28 18, ID 20220. Expect: 28
089.973 .... 221 packets received, 5105 bps, 63.81%, Err 5 (9.6e-06)
089.974 [to log] 0.6381
089.974 Send DATA 20 28, ID 10148
090.236 Recv DATA 29 18, ID 20221. Expect: 29
090.502 Recv DATA 30 19, ID 20222. Expect: 30
090.504 Send DATA 21 30, ID 10149
091.033 Recv DATA 31 20, ID 20223. Expect: 31
091.038 Send DATA 22 31, ID 10150
091.533 Recv DATA 0 21, ID 20224. Expect: 0
091.534 Send DATA 23 0, ID 10151
091.798 Recv DATA 1 21, ID 20225. Expect: 1
092.064 Recv DATA 2 22, ID 20226. Expect: 2
092.065 .... 227 packets received, 5122 bps, 64.03%, Err 5 (9.4e-06)
092.067 [to log] 0.6403
092.068 Send DATA 24 2, ID 10152
092.595 Recv DATA 3 23, ID 20227. Expect: 3
092.599 Send DATA 25 3, ID 10153
093.110 Recv DATA 4 24, ID 20228. Expect: 4
093.112 Send DATA 26 4, ID 10154
093.376 Recv DATA 5 24, ID 20229. Expect: 5
093.641 Recv DATA 6 25, ID 20230. Expect: 6
093.644 Send DATA 27 6, ID 10155
094.141 Recv DATA 7 26, ID 20231. Expect: 7
094.143 .... 232 packets received, 5118 bps, 63.97%, Err 5 (9.2e-06)
094.144 [to log] 0.6397
094.145 Send DATA 28 7, ID 10156
095.219 Recv DATA 8 26, ID 20232. Expect: 8
095.469 Recv DATA 9 26, ID 20233. Expect: 9
095.735 Recv DATA 10 26, ID 20234. Expect: 10
096.141 ---- DATA 27 timeout
096.142 Send DATA 27 10, ID 10155
096.641 ---- DATA 28 timeout
096.642 Send DATA 28 10, ID 10156
097.203 Recv DATA 11 27, ID 20235. Expect: 11
097.204 .... 236 packets received, 5040 bps, 63.00%, Err 5 (9.1e-06)
097.206 [to log] 0.6300
097.207 Send DATA 29 11, ID 10157
097.469 Recv DATA 12 27, ID 20236. Expect: 12
097.735 Recv DATA 13 27, ID 20237. Expect: 13
098.265 Recv DATA 14 29, ID 20238. Expect: 14
098.267 Send DATA 30 14, ID 10158
098.468 Send DATA 31 14, ID 10159
099.328 Recv DATA 15 30, ID 20239. Expect: 15
099.329 .... 240 packets received, 5014 bps, 62.68%, Err 5 (8.9e-06)
099.330 [to log] 0.6268
099.331 Send DATA 0 15, ID 10160
099.593 **** Receiver Error, Bad CRC Checksum
099.859 Recv DATA 17 30, ID 20241. Expect: 16
100.390 Recv DATA 18 30, ID 20242. Expect: 16
101.093 ---- DATA 31 timeout
101.095 Send DATA 31 15, ID 10159
101.827 ---- DATA 0 timeout
101.829 Send DATA 0 15, ID 10160
102.155 Recv DATA 16 31, ID 20240. Expect: 16
102.157 .... 241 packets received, 4894 bps, 61.17%, Err 6 (1.1e-05)
102.159 [to log] 0.6117
102.161 Send DATA 1 16, ID 10161
102.483 Recv DATA 17 31, ID 20241. Expect: 17
102.905 Recv DATA 18 0, ID 20242. Expect: 18
102.907 Send DATA 2 18, ID 10162
104.451 Recv DATA 19 2, ID 20243. Expect: 19
104.453 .... 244 packets received, 4845 bps, 60.56%, Err 6 (1.0e-05)
104.454 [to log] 0.6056
104.455 Send DATA 3 19, ID 10163
104.655 Send DATA 4 19, ID 10164
106.951 ---- DATA 3 timeout
106.953 Send DATA 3 19, ID 10163
107.263 Recv ACK  4
107.264 Send DATA 5 19, ID 10165
107.466 Send DATA 6 19, ID 10166
108.528 Recv DATA 20 5, ID 20244. Expect: 20
108.530 .... 245 packets received, 4679 bps, 58.49%, Err 6 (1.0e-05)
108.531 [to log] 0.5849
108.532 Send DATA 7 20, ID 10167
110.091 ---- DATA 6 timeout
110.095 Send DATA 6 20, ID 10166
110.356 Recv ACK  7
110.359 Send DATA 8 20, ID 10168
110.560 Send DATA 9 20, ID 10169
112.715 Recv DATA 21 9, ID 20245. Expect: 21
112.718 .... 246 packets received, 4522 bps, 56.52%, Err 6 (1.0e-05)
112.722 [to log] 0.5652
112.725 Send DATA 10 21, ID 10170
112.918 Send DATA 11 21, ID 10171
115.214 ---- DATA 10 timeout
115.216 Send DATA 10 21, ID 10170
115.527 Recv ACK  11
115.528 Send DATA 12 21, ID 10172
115.730 Send DATA 13 21, ID 10173
116.768 Recv DATA 22 12, ID 20246. Expect: 22
116.770 .... 247 packets received, 4381 bps, 54.76%, Err 6 (1.0e-05)
116.771 [to log] 0.5476
116.771 Send DATA 14 22, ID 10174
118.356 ---- DATA 13 timeout
118.359 Send DATA 13 22, ID 10173
118.622 Recv ACK  14
118.623 Send DATA 15 22, ID 10175
118.825 Send DATA 16 22, ID 10176
120.809 Recv DATA 23 16, ID 20247. Expect: 23
120.811 .... 248 packets received, 4250 bps, 53.12%, Err 6 (1.0e-05)
120.813 [to log] 0.5312
120.814 Send DATA 17 23, ID 10177
121.012 Send DATA 18 23, ID 10178
123.308 ---- DATA 17 timeout
123.310 Send DATA 17 23, ID 10177
123.636 Recv ACK  18
123.639 Send DATA 19 23, ID 10179
123.839 Send DATA 20 23, ID 10180
124.964 Recv DATA 24 19, ID 20248. Expect: 24
124.966 .... 249 packets received, 4124 bps, 51.55%, Err 6 (1.0e-05)
124.967 [to log] 0.5155
124.968 Send DATA 21 24, ID 10181
126.464 ---- DATA 20 timeout
126.466 Send DATA 20 24, ID 10180
126.729 Recv ACK  21
126.731 Send DATA 22 24, ID 10182
126.932 Send DATA 23 24, ID 10183
129.057 Recv DATA 25 23, ID 20249. Expect: 25
129.058 .... 250 packets received, 4008 bps, 50.10%, Err 6 (1.0e-05)
129.060 [to log] 0.5010
129.061 Send DATA 24 25, ID 10184
129.260 Send DATA 25 25, ID 10185
131.556 ---- DATA 24 timeout
131.559 Send DATA 24 25, ID 10184
131.884 Recv ACK  25
131.886 Send DATA 26 25, ID 10186
132.088 Send DATA 27 25, ID 10187
133.118 Recv DATA 26 26, ID 20250. Expect: 26
133.120 .... 251 packets received, 3900 bps, 48.75%, Err 6 (1.0e-05)
133.121 [to log] 0.4875
133.122 Send DATA 28 26, ID 10188
134.712 ---- DATA 27 timeout
134.714 Send DATA 27 26, ID 10187
134.977 Recv ACK  28
134.980 Send DATA 29 26, ID 10189
135.180 Send DATA 30 26, ID 10190
137.227 Recv DATA 27 30, ID 20251. Expect: 27
137.229 .... 252 packets received, 3797 bps, 47.46%, Err 6 (1.0e-05)
137.230 [to log] 0.4746
137.230 Send DATA 31 27, ID 10191
137.430 Send DATA 0 27, ID 10192
139.726 ---- DATA 31 timeout
139.729 Send DATA 31 27, ID 10191
140.054 Recv ACK  0
140.057 Send DATA 1 27, ID 10193
140.258 Send DATA 2 27, ID 10194
141.367 Recv DATA 28 1, ID 20252. Expect: 28
141.370 .... 253 packets received, 3699 bps, 46.24%, Err 6 (1.0e-05)
141.373 [to log] 0.4624
141.375 Send DATA 3 28, ID 10195
142.881 ---- DATA 2 timeout
142.883 Send DATA 2 28, ID 10194
143.147 Recv ACK  3
143.148 Send DATA 4 28, ID 10196
143.351 Send DATA 5 28, ID 10197
145.459 Recv DATA 29 5, ID 20253. Expect: 29
145.462 .... 254 packets received, 3609 bps, 45.11%, Err 6 (1.0e-05)
145.464 [to log] 0.4511
145.465 Send DATA 6 29, ID 10198
145.662 Send DATA 7 29, ID 10199
147.959 ---- DATA 6 timeout
147.960 Send DATA 6 29, ID 10198
148.271 Recv ACK  7
148.272 Send DATA 8 29, ID 10200
148.474 Send DATA 9 29, ID 10201
149.572 Recv DATA 30 8, ID 20254. Expect: 30
149.573 .... 255 packets received, 3522 bps, 44.03%, Err 6 (1.0e-05)
149.575 [to log] 0.4403
149.577 Send DATA 10 30, ID 10202
151.093 ---- DATA 9 timeout
151.094 Send DATA 9 30, ID 10201
151.372 Recv ACK  10
151.374 Send DATA 11 30, ID 10203
151.573 Send DATA 12 30, ID 10204
153.680 Recv DATA 31 12, ID 20255. Expect: 31
153.682 .... 256 packets received, 3441 bps, 43.01%, Err 6 (1.0e-05)
153.684 [to log] 0.4301
153.685 Send DATA 13 31, ID 10205
153.883 Send DATA 14 31, ID 10206
156.179 ---- DATA 13 timeout
156.181 Send DATA 13 31, ID 10205
156.507 Recv ACK  14
156.508 Send DATA 15 31, ID 10207
156.710 Send DATA 16 31, ID 10208
157.788 Recv DATA 0 15, ID 20256. Expect: 0
157.791 .... 257 packets received, 3363 bps, 42.04%, Err 6 (1.0e-05)
157.795 [to log] 0.4204
157.796 Send DATA 17 0, ID 10209
159.335 ---- DATA 16 timeout
159.340 Send DATA 16 0, ID 10208
159.601 Recv ACK  17
159.604 Send DATA 18 0, ID 10210
159.803 Send DATA 19 0, ID 10211
161.881 Recv DATA 1 19, ID 20257. Expect: 1
161.883 .... 258 packets received, 3290 bps, 41.13%, Err 6 (1.0e-05)
161.885 [to log] 0.4113
161.886 Send DATA 20 1, ID 10212
162.084 Send DATA 21 1, ID 10213
164.380 ---- DATA 20 timeout
164.383 Send DATA 20 1, ID 10212
164.708 Recv ACK  21
164.712 Send DATA 22 1, ID 10214
164.911 Send DATA 23 1, ID 10215
166.036 Recv DATA 2 23, ID 20258. Expect: 2
166.038 .... 259 packets received, 3220 bps, 40.25%, Err 6 (9.9e-06)
166.040 [to log] 0.4025
166.040 Send DATA 24 2, ID 10216
166.239 Send DATA 25 2, ID 10217
168.535 ---- DATA 24 timeout
168.538 Send DATA 24 2, ID 10216
168.848 Recv ACK  25
168.851 Send DATA 26 2, ID 10218
169.051 Send DATA 27 2, ID 10219
170.238 Recv DATA 3 27, ID 20259. Expect: 3
170.241 .... 260 packets received, 3152 bps, 39.40%, Err 6 (9.9e-06)
170.244 [to log] 0.3940
170.245 Send DATA 28 3, ID 10220
170.441 Send DATA 29 3, ID 10221
172.738 ---- DATA 28 timeout
172.739 Send DATA 28 3, ID 10220
173.050 Recv ACK  29
173.051 Send DATA 30 3, ID 10222
173.253 Send DATA 31 3, ID 10223
174.331 Recv DATA 4 30, ID 20260. Expect: 4
174.333 .... 261 packets received, 3089 bps, 38.62%, Err 6 (9.8e-06)
174.334 [to log] 0.3862
174.335 Send DATA 0 4, ID 10224
175.877 ---- DATA 31 timeout
175.881 Send DATA 31 4, ID 10223
176.143 Recv ACK  0
176.145 Send DATA 1 4, ID 10225
176.346 Send DATA 2 4, ID 10226
178.439 Recv DATA 5 2, ID 20261. Expect: 5
178.441 .... 262 packets received, 3029 bps, 37.86%, Err 6 (9.8e-06)
178.442 [to log] 0.3786
178.443 Send DATA 3 5, ID 10227
178.642 Send DATA 4 5, ID 10228
180.939 ---- DATA 3 timeout
180.940 Send DATA 3 5, ID 10227
181.252 Recv ACK  4
181.255 Send DATA 5 5, ID 10229
181.455 Send DATA 6 5, ID 10230
182.549 Recv DATA 6 5, ID 20262. Expect: 6
182.550 .... 263 packets received, 2972 bps, 37.15%, Err 6 (9.8e-06)
182.552 [to log] 0.3715
182.553 Send DATA 7 6, ID 10231
184.094 ---- DATA 6 timeout
184.097 Send DATA 6 6, ID 10230
184.361 Recv ACK  7
184.363 Send DATA 8 6, ID 10232
184.563 Send DATA 9 6, ID 10233
186.585 Recv DATA 7 9, ID 20263. Expect: 7
186.587 .... 264 packets received, 2918 bps, 36.48%, Err 6 (9.7e-06)
186.588 [to log] 0.3648
186.589 Send DATA 10 7, ID 10234
186.787 Send DATA 11 7, ID 10235
189.083 ---- DATA 10 timeout
189.085 Send DATA 10 7, ID 10234
189.409 Recv ACK  11
189.412 Send DATA 12 7, ID 10236
189.609 Send DATA 13 7, ID 10237
190.713 Recv DATA 8 12, ID 20264. Expect: 8
190.714 .... 265 packets received, 2865 bps, 35.82%, Err 6 (9.7e-06)
190.716 [to log] 0.3582
190.717 Send DATA 14 8, ID 10238
192.227 ---- DATA 13 timeout
192.230 Send DATA 13 8, ID 10237
192.524 Recv ACK  14
192.525 Send DATA 15 8, ID 10239
192.727 Send DATA 16 8, ID 10240
194.790 Recv DATA 9 16, ID 20265. Expect: 9
194.793 .... 266 packets received, 2816 bps, 35.19%, Err 6 (9.7e-06)
194.796 [to log] 0.3519
194.797 Send DATA 17 9, ID 10241
194.992 Send DATA 18 9, ID 10242
197.289 ---- DATA 17 timeout
197.292 Send DATA 17 9, ID 10241
197.616 Recv ACK  18
197.618 Send DATA 19 9, ID 10243
197.820 Send DATA 20 9, ID 10244
198.961 Recv DATA 10 19, ID 20266. Expect: 10
198.964 .... 267 packets received, 2766 bps, 34.58%, Err 6 (9.6e-06)
198.968 [to log] 0.3458
198.969 Send DATA 21 10, ID 10245
200.444 ---- DATA 20 timeout
200.446 Send DATA 20 10, ID 10244
200.538 Recv DATA 11 21, ID 20267. Expect: 11
200.540 Send DATA 22 11, ID 10246
200.741 Send DATA 23 11, ID 10247
200.803 Recv DATA 12 21, ID 20268. Expect: 12
201.069 Recv DATA 13 21, ID 20269. Expect: 13
201.072 .... 270 packets received, 2768 bps, 34.60%, Err 6 (9.5e-06)
201.075 [to log] 0.3460
201.788 Recv DATA 14 22, ID 20270. Expect: 14
201.792 Send DATA 24 14, ID 10248
202.865 Recv DATA 15 24, ID 20271. Expect: 15
202.867 Send DATA 25 15, ID 10249
203.069 Send DATA 26 15, ID 10250
203.146 Recv DATA 16 24, ID 20272. Expect: 16
203.149 .... 273 packets received, 2770 bps, 34.62%, Err 6 (9.4e-06)
203.153 [to log] 0.3462
203.397 Recv DATA 17 24, ID 20273. Expect: 17
203.928 Recv DATA 18 25, ID 20274. Expect: 18
203.932 Send DATA 27 18, ID 10251
205.021 Recv DATA 19 27, ID 20275. Expect: 19
205.023 Send DATA 28 19, ID 10252
205.224 Send DATA 29 19, ID 10253
205.302 Recv DATA 20 27, ID 20276. Expect: 20
205.305 .... 277 packets received, 2781 bps, 34.76%, Err 6 (9.3e-06)
205.308 [to log] 0.3476
205.552 Recv DATA 21 27, ID 20277. Expect: 21
206.083 Recv DATA 22 28, ID 20278. Expect: 22
206.087 Send DATA 30 22, ID 10254
207.177 Recv DATA 23 30, ID 20279. Expect: 23
207.181 Send DATA 31 23, ID 10255
207.380 Send DATA 0 23, ID 10256
207.442 Recv DATA 24 30, ID 20280. Expect: 24
207.443 .... 281 packets received, 2792 bps, 34.90%, Err 6 (9.2e-06)
207.444 [to log] 0.3490
207.708 Recv DATA 25 30, ID 20281. Expect: 25
208.254 Recv DATA 26 31, ID 20282. Expect: 26
208.258 Send DATA 1 26, ID 10257
209.317 Recv DATA 27 1, ID 20283. Expect: 27
209.320 Send DATA 2 27, ID 10258
209.520 Send DATA 3 27, ID 10259
209.582 Recv DATA 28 1, ID 20284. Expect: 28
209.585 .... 285 packets received, 2802 bps, 35.03%, Err 6 (9.1e-06)
209.589 [to log] 0.3503
209.864 Recv DATA 29 1, ID 20285. Expect: 29
210.395 Recv DATA 30 2, ID 20286. Expect: 30
210.399 Send DATA 4 30, ID 10260
211.457 Recv DATA 31 4, ID 20287. Expect: 31
211.461 Send DATA 5 31, ID 10261
211.660 Send DATA 6 31, ID 10262
211.738 Recv DATA 0 4, ID 20288. Expect: 0
211.741 .... 289 packets received, 2813 bps, 35.16%, Err 6 (8.9e-06)
211.745 [to log] 0.3516
211.989 Recv DATA 1 4, ID 20289. Expect: 1
212.519 Recv DATA 2 5, ID 20290. Expect: 2
212.522 Send DATA 7 2, ID 10263
213.582 Recv DATA 3 7, ID 20291. Expect: 3
213.585 Send DATA 8 3, ID 10264
213.785 Send DATA 9 3, ID 10265
213.863 Recv DATA 4 7, ID 20292. Expect: 4
213.865 .... 293 packets received, 2823 bps, 35.29%, Err 6 (8.8e-06)
213.869 [to log] 0.3529
214.098 Recv DATA 5 7, ID 20293. Expect: 5
214.659 Recv DATA 6 8, ID 20294. Expect: 6
214.661 Send DATA 10 6, ID 10266
215.737 Recv DATA 7 10, ID 20295. Expect: 7
215.740 Send DATA 11 7, ID 10267
215.941 Send DATA 12 7, ID 10268
216.018 Recv DATA 8 10, ID 20296. Expect: 8
216.022 .... 297 packets received, 2833 bps, 35.41%, Err 6 (8.7e-06)
216.026 [to log] 0.3541
216.268 Recv DATA 9 10, ID 20297. Expect: 9
216.800 Recv DATA 10 11, ID 20298. Expect: 10
216.805 Send DATA 13 10, ID 10269
217.862 Recv DATA 11 13, ID 20299. Expect: 11
217.863 Send DATA 14 11, ID 10270
218.065 Send DATA 15 11, ID 10271
218.143 Recv DATA 12 13, ID 20300. Expect: 12
218.146 .... 301 packets received, 2843 bps, 35.54%, Err 6 (8.6e-06)
218.149 [to log] 0.3554
218.393 Recv DATA 13 13, ID 20301. Expect: 13
218.940 Recv DATA 14 14, ID 20302. Expect: 14
218.943 Send DATA 16 14, ID 10272
220.002 Recv DATA 15 16, ID 20303. Expect: 15
220.006 Send DATA 17 15, ID 10273
220.205 Send DATA 18 15, ID 10274
220.283 Recv DATA 16 16, ID 20304. Expect: 16
220.286 .... 305 packets received, 2852 bps, 35.66%, Err 6 (8.5e-06)
220.289 [to log] 0.3566
220.533 Recv DATA 17 16, ID 20305. Expect: 17
221.065 Recv DATA 18 17, ID 20306. Expect: 18
221.069 Send DATA 19 18, ID 10275
222.142 Recv DATA 19 19, ID 20307. Expect: 19
222.145 Send DATA 20 19, ID 10276
222.345 Send DATA 21 19, ID 10277
222.423 Recv DATA 20 19, ID 20308. Expect: 20
222.426 .... 309 packets received, 2862 bps, 35.77%, Err 6 (8.4e-06)
222.428 [to log] 0.3577
222.673 Recv DATA 21 19, ID 20309. Expect: 21
223.204 Recv DATA 22 20, ID 20310. Expect: 22
223.207 Send DATA 22 22, ID 10278
224.282 Recv DATA 23 22, ID 20311. Expect: 23
224.286 Send DATA 23 23, ID 10279
224.485 Send DATA 24 23, ID 10280
224.563 Recv DATA 24 22, ID 20312. Expect: 24
224.566 .... 313 packets received, 2871 bps, 35.89%, Err 6 (8.3e-06)
224.567 [to log] 0.3589
224.813 Recv DATA 25 22, ID 20313. Expect: 25
225.329 Recv DATA 26 23, ID 20314. Expect: 26
225.333 Send DATA 25 26, ID 10281
226.391 Recv DATA 27 25, ID 20315. Expect: 27
226.394 Send DATA 26 27, ID 10282
226.594 Send DATA 27 27, ID 10283
226.672 Recv DATA 28 25, ID 20316. Expect: 28
226.675 .... 317 packets received, 2881 bps, 36.01%, Err 6 (8.2e-06)
226.677 [to log] 0.3601
226.922 Recv DATA 29 25, ID 20317. Expect: 29
227.484 Recv DATA 30 26, ID 20318. Expect: 30
227.488 Send DATA 28 30, ID 10284
228.547 Recv DATA 31 28, ID 20319. Expect: 31
228.548 Send DATA 29 31, ID 10285
228.750 Send DATA 30 31, ID 10286
228.828 Recv DATA 0 28, ID 20320. Expect: 0
228.831 .... 321 packets received, 2889 bps, 36.12%, Err 6 (8.1e-06)
228.832 [to log] 0.3612
229.079 Recv DATA 1 28, ID 20321. Expect: 1
229.610 Recv DATA 2 29, ID 20322. Expect: 2
229.613 Send DATA 31 2, ID 10287
230.702 Recv DATA 3 31, ID 20323. Expect: 3
230.706 Send DATA 0 3, ID 10288
230.906 Send DATA 1 3, ID 10289
230.968 Recv DATA 4 31, ID 20324. Expect: 4
230.971 .... 325 packets received, 2898 bps, 36.23%, Err 6 (8.0e-06)
230.973 [to log] 0.3623
231.249 Recv DATA 5 31, ID 20325. Expect: 5
231.765 Recv DATA 6 0, ID 20326. Expect: 6
231.770 Send DATA 2 6, ID 10290
233.530 ---- DATA 1 timeout
233.533 Send DATA 1 6, ID 10289
233.535 Recv DATA 4 1, ID 20324. Expect: 7
233.538 Send DATA 2 6, ID 10290
233.858 Recv DATA 5 1, ID 20325. Expect: 7
234.248 Recv DATA 6 1, ID 20326. Expect: 7
234.577 Recv DATA 7 1, ID 20327. Expect: 7
234.580 .... 328 packets received, 2880 bps, 36.00%, Err 6 (7.9e-06)
234.586 [to log] 0.3600
234.858 Recv DATA 8 1, ID 20328. Expect: 8
235.123 Recv DATA 9 2, ID 20329. Expect: 9
235.127 Send DATA 3 9, ID 10291
236.186 Recv DATA 10 3, ID 20330. Expect: 10
236.190 Send DATA 4 10, ID 10292
236.452 Recv DATA 11 3, ID 20331. Expect: 11
236.717 Recv DATA 12 3, ID 20332. Expect: 12
236.719 .... 333 packets received, 2897 bps, 36.21%, Err 6 (7.8e-06)
236.720 [to log] 0.3621
237.248 Recv DATA 13 4, ID 20333. Expect: 13
237.252 Send DATA 5 13, ID 10293
238.310 Recv DATA 14 5, ID 20334. Expect: 14
238.314 Send DATA 6 14, ID 10294
238.576 Recv DATA 15 5, ID 20335. Expect: 15
238.841 Recv DATA 16 5, ID 20336. Expect: 16
238.843 .... 337 packets received, 2906 bps, 36.32%, Err 6 (7.7e-06)
238.844 [to log] 0.3632
239.388 Recv DATA 17 6, ID 20337. Expect: 17
239.392 Send DATA 7 17, ID 10295
240.450 Recv DATA 18 7, ID 20338. Expect: 18
240.455 Send DATA 8 18, ID 10296
240.731 Recv DATA 19 7, ID 20339. Expect: 19
240.998 Recv DATA 20 7, ID 20340. Expect: 20
241.001 .... 341 packets received, 2914 bps, 36.42%, Err 6 (7.6e-06)
241.007 [to log] 0.3642
241.559 Recv DATA 21 8, ID 20341. Expect: 21
241.561 Send DATA 9 21, ID 10297
242.637 Recv DATA 22 9, ID 20342. Expect: 22
242.641 Send DATA 10 22, ID 10298
242.903 Recv DATA 23 9, ID 20343. Expect: 23
243.168 Recv DATA 24 9, ID 20344. Expect: 24
243.172 .... 345 packets received, 2921 bps, 36.52%, Err 6 (7.6e-06)
243.176 [to log] 0.3652
243.699 Recv DATA 25 10, ID 20345. Expect: 25
243.703 Send DATA 11 25, ID 10299
244.777 Recv DATA 26 11, ID 20346. Expect: 26
244.781 Send DATA 12 26, ID 10300
245.044 Recv DATA 27 11, ID 20347. Expect: 27
245.308 Recv DATA 28 11, ID 20348. Expect: 28
245.310 .... 349 packets received, 2929 bps, 36.62%, Err 6 (7.5e-06)
245.312 [to log] 0.3662
245.856 Recv DATA 29 12, ID 20349. Expect: 29
245.858 Send DATA 13 29, ID 10301
246.902 Recv DATA 30 13, ID 20350. Expect: 30
246.905 Send DATA 14 30, ID 10302
247.168 Recv DATA 31 13, ID 20351. Expect: 31
247.434 Recv DATA 0 13, ID 20352. Expect: 0
247.437 .... 353 packets received, 2937 bps, 36.72%, Err 6 (7.4e-06)
247.441 [to log] 0.3672
247.964 **** Receiver Error, Bad CRC Checksum
249.182 Send ACK  0
249.401 ---- DATA 14 timeout
249.404 Send DATA 14 0, ID 10302
249.729 Recv DATA 31 14, ID 20351. Expect: 1
249.733 Send DATA 15 0, ID 10303
249.995 Recv DATA 1 14, ID 20353. Expect: 1
249.997 .... 354 packets received, 2915 bps, 36.44%, Err 7 (8.6e-06)
250.001 [to log] 0.3644
250.276 Recv DATA 2 14, ID 20354. Expect: 2
